2023-12-28T10:44:20.086+09:00  INFO 14580 --- [restartedMain] com.kdt.DaebangApplication               : Starting DaebangApplication using Java 17.0.8.1 with PID 14580 (E:\SpringWorkspace3\daebang\target\classes started by Heewon in E:\SpringWorkspace3\daebang)
2023-12-28T10:44:20.090+09:00  INFO 14580 --- [restartedMain] com.kdt.DaebangApplication               : No active profile set, falling back to 1 default profile: "default"
2023-12-28T10:44:20.137+09:00  INFO 14580 --- [restartedMain] .e.DevToolsPropertyDefaultsPostProcessor : Devtools property defaults active! Set 'spring.devtools.add-properties' to 'false' to disable
2023-12-28T10:44:20.137+09:00  INFO 14580 --- [restartedMain] .e.DevToolsPropertyDefaultsPostProcessor : For additional web related logging consider setting the 'logging.level.web' property to 'DEBUG'
2023-12-28T10:44:20.770+09:00  INFO 14580 --- [restartedMain] .s.d.r.c.RepositoryConfigurationDelegate : Bootstrapping Spring Data JPA repositories in DEFAULT mode.
2023-12-28T10:44:20.905+09:00  INFO 14580 --- [restartedMain] .s.d.r.c.RepositoryConfigurationDelegate : Finished Spring Data repository scanning in 127 ms. Found 26 JPA repository interfaceinterfaces.
2023-12-28T10:44:21.014+09:00  WARN 14580 --- [restartedMain] o.m.s.mapper.ClassPathMapperScanner      : No MyBatis mapper was found in '[com.kdt]' package. Please check your configuration.
2023-12-28T10:44:21.446+09:00  INFO 14580 --- [restartedMain] o.s.b.w.embedded.tomcat.TomcatWebServer  : Tomcat initialized with port(s): 80 (http)
2023-12-28T10:44:21.454+09:00  INFO 14580 --- [restartedMain] o.apache.catalina.core.StandardService   : Starting service [Tomcat]
2023-12-28T10:44:21.454+09:00  INFO 14580 --- [restartedMain] o.apache.catalina.core.StandardEngine    : Starting Servlet engine: [Apache Tomcat/10.1.16]
2023-12-28T10:44:21.509+09:00  INFO 14580 --- [restartedMain] o.a.c.c.C.[Tomcat].[localhost].[/]       : Initializing Spring embedded WebApplicationContext
2023-12-28T10:44:21.509+09:00  INFO 14580 --- [restartedMain] w.s.c.ServletWebServerApplicationContext : Root WebApplicationContext: initialization completed in 1372 ms
2023-12-28T10:44:21.629+09:00  INFO 14580 --- [restartedMain] o.hibernate.jpa.internal.util.LogHelper  : HHH000204: Processing PersistenceUnitInfo [name: default]
2023-12-28T10:44:21.658+09:00  INFO 14580 --- [restartedMain] org.hibernate.Version                    : HHH000412: Hibernate ORM core version 6.1.7.Final
2023-12-28T10:44:21.808+09:00 DEBUG 14580 --- [restartedMain] o.h.t.d.jdbc.spi.JdbcTypeRegistry        : addDescriptor(FloatTypeDescriptor) replaced previous registration(DoubleTypeDescriptor)
2023-12-28T10:44:21.817+09:00 DEBUG 14580 --- [restartedMain] org.hibernate.type.BasicTypeRegistry     : Adding type registration boolean -> org.hibernate.type.BasicTypeReference@3e110df2
2023-12-28T10:44:21.818+09:00 DEBUG 14580 --- [restartedMain] org.hibernate.type.BasicTypeRegistry     : Adding type registration boolean -> org.hibernate.type.BasicTypeReference@3e110df2
2023-12-28T10:44:21.818+09:00 DEBUG 14580 --- [restartedMain] org.hibernate.type.BasicTypeRegistry     : Adding type registration java.lang.Boolean -> org.hibernate.type.BasicTypeReference@3e110df2
2023-12-28T10:44:21.819+09:00 DEBUG 14580 --- [restartedMain] org.hibernate.type.BasicTypeRegistry     : Adding type registration numeric_boolean -> org.hibernate.type.BasicTypeReference@2a2e2be3
2023-12-28T10:44:21.819+09:00 DEBUG 14580 --- [restartedMain] org.hibernate.type.BasicTypeRegistry     : Adding type registration org.hibernate.type.NumericBooleanConverter -> org.hibernate.type.BasicTypeReference@2a2e2be3
2023-12-28T10:44:21.819+09:00 DEBUG 14580 --- [restartedMain] org.hibernate.type.BasicTypeRegistry     : Adding type registration true_false -> org.hibernate.type.BasicTypeReference@2a1a1079
2023-12-28T10:44:21.819+09:00 DEBUG 14580 --- [restartedMain] org.hibernate.type.BasicTypeRegistry     : Adding type registration org.hibernate.type.TrueFalseConverter -> org.hibernate.type.BasicTypeReference@2a1a1079
2023-12-28T10:44:21.819+09:00 DEBUG 14580 --- [restartedMain] org.hibernate.type.BasicTypeRegistry     : Adding type registration yes_no -> org.hibernate.type.BasicTypeReference@472b550c
2023-12-28T10:44:21.819+09:00 DEBUG 14580 --- [restartedMain] org.hibernate.type.BasicTypeRegistry     : Adding type registration org.hibernate.type.YesNoConverter -> org.hibernate.type.BasicTypeReference@472b550c
2023-12-28T10:44:21.819+09:00 DEBUG 14580 --- [restartedMain] org.hibernate.type.BasicTypeRegistry     : Adding type registration byte -> org.hibernate.type.BasicTypeReference@7163ae86
2023-12-28T10:44:21.819+09:00 DEBUG 14580 --- [restartedMain] org.hibernate.type.BasicTypeRegistry     : Adding type registration byte -> org.hibernate.type.BasicTypeReference@7163ae86
2023-12-28T10:44:21.819+09:00 DEBUG 14580 --- [restartedMain] org.hibernate.type.BasicTypeRegistry     : Adding type registration java.lang.Byte -> org.hibernate.type.BasicTypeReference@7163ae86
2023-12-28T10:44:21.820+09:00 DEBUG 14580 --- [restartedMain] org.hibernate.type.BasicTypeRegistry     : Adding type registration binary -> org.hibernate.type.BasicTypeReference@2ac9f27a
2023-12-28T10:44:21.820+09:00 DEBUG 14580 --- [restartedMain] org.hibernate.type.BasicTypeRegistry     : Adding type registration byte[] -> org.hibernate.type.BasicTypeReference@2ac9f27a
2023-12-28T10:44:21.820+09:00 DEBUG 14580 --- [restartedMain] org.hibernate.type.BasicTypeRegistry     : Adding type registration [B -> org.hibernate.type.BasicTypeReference@2ac9f27a
2023-12-28T10:44:21.820+09:00 DEBUG 14580 --- [restartedMain] org.hibernate.type.BasicTypeRegistry     : Adding type registration binary_wrapper -> org.hibernate.type.BasicTypeReference@21cf9a00
2023-12-28T10:44:21.820+09:00 DEBUG 14580 --- [restartedMain] org.hibernate.type.BasicTypeRegistry     : Adding type registration wrapper-binary -> org.hibernate.type.BasicTypeReference@21cf9a00
2023-12-28T10:44:21.820+09:00 DEBUG 14580 --- [restartedMain] org.hibernate.type.BasicTypeRegistry     : Adding type registration Byte[] -> org.hibernate.type.BasicTypeReference@21cf9a00
2023-12-28T10:44:21.820+09:00 DEBUG 14580 --- [restartedMain] org.hibernate.type.BasicTypeRegistry     : Adding type registration [Ljava.lang.Byte; -> org.hibernate.type.BasicTypeReference@21cf9a00
2023-12-28T10:44:21.821+09:00 DEBUG 14580 --- [restartedMain] org.hibernate.type.BasicTypeRegistry     : Adding type registration image -> org.hibernate.type.BasicTypeReference@44f0e661
2023-12-28T10:44:21.821+09:00 DEBUG 14580 --- [restartedMain] org.hibernate.type.BasicTypeRegistry     : Adding type registration blob -> org.hibernate.type.BasicTypeReference@416bd6db
2023-12-28T10:44:21.821+09:00 DEBUG 14580 --- [restartedMain] org.hibernate.type.BasicTypeRegistry     : Adding type registration java.sql.Blob -> org.hibernate.type.BasicTypeReference@416bd6db
2023-12-28T10:44:21.821+09:00 DEBUG 14580 --- [restartedMain] org.hibernate.type.BasicTypeRegistry     : Adding type registration materialized_blob -> org.hibernate.type.BasicTypeReference@2c6745b2
2023-12-28T10:44:21.821+09:00 DEBUG 14580 --- [restartedMain] org.hibernate.type.BasicTypeRegistry     : Adding type registration materialized_blob_wrapper -> org.hibernate.type.BasicTypeReference@7125c5a4
2023-12-28T10:44:21.821+09:00 DEBUG 14580 --- [restartedMain] org.hibernate.type.BasicTypeRegistry     : Adding type registration short -> org.hibernate.type.BasicTypeReference@3225e60f
2023-12-28T10:44:21.821+09:00 DEBUG 14580 --- [restartedMain] org.hibernate.type.BasicTypeRegistry     : Adding type registration short -> org.hibernate.type.BasicTypeReference@3225e60f
2023-12-28T10:44:21.821+09:00 DEBUG 14580 --- [restartedMain] org.hibernate.type.BasicTypeRegistry     : Adding type registration java.lang.Short -> org.hibernate.type.BasicTypeReference@3225e60f
2023-12-28T10:44:21.821+09:00 DEBUG 14580 --- [restartedMain] org.hibernate.type.BasicTypeRegistry     : Adding type registration integer -> org.hibernate.type.BasicTypeReference@2de7239e
2023-12-28T10:44:21.821+09:00 DEBUG 14580 --- [restartedMain] org.hibernate.type.BasicTypeRegistry     : Adding type registration int -> org.hibernate.type.BasicTypeReference@2de7239e
2023-12-28T10:44:21.822+09:00 DEBUG 14580 --- [restartedMain] org.hibernate.type.BasicTypeRegistry     : Adding type registration java.lang.Integer -> org.hibernate.type.BasicTypeReference@2de7239e
2023-12-28T10:44:21.822+09:00 DEBUG 14580 --- [restartedMain] org.hibernate.type.BasicTypeRegistry     : Adding type registration long -> org.hibernate.type.BasicTypeReference@3bbba945
2023-12-28T10:44:21.822+09:00 DEBUG 14580 --- [restartedMain] org.hibernate.type.BasicTypeRegistry     : Adding type registration long -> org.hibernate.type.BasicTypeReference@3bbba945
2023-12-28T10:44:21.822+09:00 DEBUG 14580 --- [restartedMain] org.hibernate.type.BasicTypeRegistry     : Adding type registration java.lang.Long -> org.hibernate.type.BasicTypeReference@3bbba945
2023-12-28T10:44:21.822+09:00 DEBUG 14580 --- [restartedMain] org.hibernate.type.BasicTypeRegistry     : Adding type registration float -> org.hibernate.type.BasicTypeReference@64ec5373
2023-12-28T10:44:21.822+09:00 DEBUG 14580 --- [restartedMain] org.hibernate.type.BasicTypeRegistry     : Adding type registration float -> org.hibernate.type.BasicTypeReference@64ec5373
2023-12-28T10:44:21.822+09:00 DEBUG 14580 --- [restartedMain] org.hibernate.type.BasicTypeRegistry     : Adding type registration java.lang.Float -> org.hibernate.type.BasicTypeReference@64ec5373
2023-12-28T10:44:21.822+09:00 DEBUG 14580 --- [restartedMain] org.hibernate.type.BasicTypeRegistry     : Adding type registration double -> org.hibernate.type.BasicTypeReference@7964c47f
2023-12-28T10:44:21.822+09:00 DEBUG 14580 --- [restartedMain] org.hibernate.type.BasicTypeRegistry     : Adding type registration double -> org.hibernate.type.BasicTypeReference@7964c47f
2023-12-28T10:44:21.823+09:00 DEBUG 14580 --- [restartedMain] org.hibernate.type.BasicTypeRegistry     : Adding type registration java.lang.Double -> org.hibernate.type.BasicTypeReference@7964c47f
2023-12-28T10:44:21.823+09:00 DEBUG 14580 --- [restartedMain] org.hibernate.type.BasicTypeRegistry     : Adding type registration big_integer -> org.hibernate.type.BasicTypeReference@6d0be31e
2023-12-28T10:44:21.823+09:00 DEBUG 14580 --- [restartedMain] org.hibernate.type.BasicTypeRegistry     : Adding type registration java.math.BigInteger -> org.hibernate.type.BasicTypeReference@6d0be31e
2023-12-28T10:44:21.823+09:00 DEBUG 14580 --- [restartedMain] org.hibernate.type.BasicTypeRegistry     : Adding type registration big_decimal -> org.hibernate.type.BasicTypeReference@b9c8e7b
2023-12-28T10:44:21.823+09:00 DEBUG 14580 --- [restartedMain] org.hibernate.type.BasicTypeRegistry     : Adding type registration java.math.BigDecimal -> org.hibernate.type.BasicTypeReference@b9c8e7b
2023-12-28T10:44:21.823+09:00 DEBUG 14580 --- [restartedMain] org.hibernate.type.BasicTypeRegistry     : Adding type registration character -> org.hibernate.type.BasicTypeReference@d6d23b0
2023-12-28T10:44:21.823+09:00 DEBUG 14580 --- [restartedMain] org.hibernate.type.BasicTypeRegistry     : Adding type registration char -> org.hibernate.type.BasicTypeReference@d6d23b0
2023-12-28T10:44:21.823+09:00 DEBUG 14580 --- [restartedMain] org.hibernate.type.BasicTypeRegistry     : Adding type registration java.lang.Character -> org.hibernate.type.BasicTypeReference@d6d23b0
2023-12-28T10:44:21.823+09:00 DEBUG 14580 --- [restartedMain] org.hibernate.type.BasicTypeRegistry     : Adding type registration character_nchar -> org.hibernate.type.BasicTypeReference@5275595e
2023-12-28T10:44:21.823+09:00 DEBUG 14580 --- [restartedMain] org.hibernate.type.BasicTypeRegistry     : Adding type registration string -> org.hibernate.type.BasicTypeReference@60d4531d
2023-12-28T10:44:21.823+09:00 DEBUG 14580 --- [restartedMain] org.hibernate.type.BasicTypeRegistry     : Adding type registration java.lang.String -> org.hibernate.type.BasicTypeReference@60d4531d
2023-12-28T10:44:21.823+09:00 DEBUG 14580 --- [restartedMain] org.hibernate.type.BasicTypeRegistry     : Adding type registration nstring -> org.hibernate.type.BasicTypeReference@f54f62a
2023-12-28T10:44:21.823+09:00 DEBUG 14580 --- [restartedMain] org.hibernate.type.BasicTypeRegistry     : Adding type registration characters -> org.hibernate.type.BasicTypeReference@6b4034d3
2023-12-28T10:44:21.823+09:00 DEBUG 14580 --- [restartedMain] org.hibernate.type.BasicTypeRegistry     : Adding type registration char[] -> org.hibernate.type.BasicTypeReference@6b4034d3
2023-12-28T10:44:21.824+09:00 DEBUG 14580 --- [restartedMain] org.hibernate.type.BasicTypeRegistry     : Adding type registration [C -> org.hibernate.type.BasicTypeReference@6b4034d3
2023-12-28T10:44:21.824+09:00 DEBUG 14580 --- [restartedMain] org.hibernate.type.BasicTypeRegistry     : Adding type registration wrapper-characters -> org.hibernate.type.BasicTypeReference@13073f4c
2023-12-28T10:44:21.824+09:00 DEBUG 14580 --- [restartedMain] org.hibernate.type.BasicTypeRegistry     : Adding type registration [Ljava.lang.Character; -> org.hibernate.type.BasicTypeReference@13073f4c
2023-12-28T10:44:21.824+09:00 DEBUG 14580 --- [restartedMain] org.hibernate.type.BasicTypeRegistry     : Adding type registration Character[] -> org.hibernate.type.BasicTypeReference@13073f4c
2023-12-28T10:44:21.824+09:00 DEBUG 14580 --- [restartedMain] org.hibernate.type.BasicTypeRegistry     : Adding type registration text -> org.hibernate.type.BasicTypeReference@5109ca8a
2023-12-28T10:44:21.824+09:00 DEBUG 14580 --- [restartedMain] org.hibernate.type.BasicTypeRegistry     : Adding type registration ntext -> org.hibernate.type.BasicTypeReference@79c48327
2023-12-28T10:44:21.824+09:00 DEBUG 14580 --- [restartedMain] org.hibernate.type.BasicTypeRegistry     : Adding type registration clob -> org.hibernate.type.BasicTypeReference@13c8c660
2023-12-28T10:44:21.824+09:00 DEBUG 14580 --- [restartedMain] org.hibernate.type.BasicTypeRegistry     : Adding type registration java.sql.Clob -> org.hibernate.type.BasicTypeReference@13c8c660
2023-12-28T10:44:21.824+09:00 DEBUG 14580 --- [restartedMain] org.hibernate.type.BasicTypeRegistry     : Adding type registration nclob -> org.hibernate.type.BasicTypeReference@391f760a
2023-12-28T10:44:21.824+09:00 DEBUG 14580 --- [restartedMain] org.hibernate.type.BasicTypeRegistry     : Adding type registration java.sql.NClob -> org.hibernate.type.BasicTypeReference@391f760a
2023-12-28T10:44:21.824+09:00 DEBUG 14580 --- [restartedMain] org.hibernate.type.BasicTypeRegistry     : Adding type registration materialized_clob -> org.hibernate.type.BasicTypeReference@265da639
2023-12-28T10:44:21.824+09:00 DEBUG 14580 --- [restartedMain] org.hibernate.type.BasicTypeRegistry     : Adding type registration materialized_clob_char_array -> org.hibernate.type.BasicTypeReference@7bddd46e
2023-12-28T10:44:21.825+09:00 DEBUG 14580 --- [restartedMain] org.hibernate.type.BasicTypeRegistry     : Adding type registration materialized_clob_character_array -> org.hibernate.type.BasicTypeReference@2ef3f6b3
2023-12-28T10:44:21.825+09:00 DEBUG 14580 --- [restartedMain] org.hibernate.type.BasicTypeRegistry     : Adding type registration materialized_nclob -> org.hibernate.type.BasicTypeReference@6c1e7a41
2023-12-28T10:44:21.825+09:00 DEBUG 14580 --- [restartedMain] org.hibernate.type.BasicTypeRegistry     : Adding type registration materialized_nclob_character_array -> org.hibernate.type.BasicTypeReference@27397595
2023-12-28T10:44:21.825+09:00 DEBUG 14580 --- [restartedMain] org.hibernate.type.BasicTypeRegistry     : Adding type registration materialized_nclob_char_array -> org.hibernate.type.BasicTypeReference@3252abb8
2023-12-28T10:44:21.825+09:00 DEBUG 14580 --- [restartedMain] org.hibernate.type.BasicTypeRegistry     : Adding type registration Duration -> org.hibernate.type.BasicTypeReference@3a5852f
2023-12-28T10:44:21.825+09:00 DEBUG 14580 --- [restartedMain] org.hibernate.type.BasicTypeRegistry     : Adding type registration java.time.Duration -> org.hibernate.type.BasicTypeReference@3a5852f
2023-12-28T10:44:21.825+09:00 DEBUG 14580 --- [restartedMain] org.hibernate.type.BasicTypeRegistry     : Adding type registration LocalDateTime -> org.hibernate.type.BasicTypeReference@1cf62b68
2023-12-28T10:44:21.825+09:00 DEBUG 14580 --- [restartedMain] org.hibernate.type.BasicTypeRegistry     : Adding type registration java.time.LocalDateTime -> org.hibernate.type.BasicTypeReference@1cf62b68
2023-12-28T10:44:21.825+09:00 DEBUG 14580 --- [restartedMain] org.hibernate.type.BasicTypeRegistry     : Adding type registration LocalDate -> org.hibernate.type.BasicTypeReference@708f60be
2023-12-28T10:44:21.825+09:00 DEBUG 14580 --- [restartedMain] org.hibernate.type.BasicTypeRegistry     : Adding type registration java.time.LocalDate -> org.hibernate.type.BasicTypeReference@708f60be
2023-12-28T10:44:21.825+09:00 DEBUG 14580 --- [restartedMain] org.hibernate.type.BasicTypeRegistry     : Adding type registration LocalTime -> org.hibernate.type.BasicTypeReference@57271a7c
2023-12-28T10:44:21.825+09:00 DEBUG 14580 --- [restartedMain] org.hibernate.type.BasicTypeRegistry     : Adding type registration java.time.LocalTime -> org.hibernate.type.BasicTypeReference@57271a7c
2023-12-28T10:44:21.825+09:00 DEBUG 14580 --- [restartedMain] org.hibernate.type.BasicTypeRegistry     : Adding type registration OffsetDateTime -> org.hibernate.type.BasicTypeReference@7804614a
2023-12-28T10:44:21.825+09:00 DEBUG 14580 --- [restartedMain] org.hibernate.type.BasicTypeRegistry     : Adding type registration java.time.OffsetDateTime -> org.hibernate.type.BasicTypeReference@7804614a
2023-12-28T10:44:21.825+09:00 DEBUG 14580 --- [restartedMain] org.hibernate.type.BasicTypeRegistry     : Adding type registration OffsetDateTimeWithTimezone -> org.hibernate.type.BasicTypeReference@5504b849
2023-12-28T10:44:21.825+09:00 DEBUG 14580 --- [restartedMain] org.hibernate.type.BasicTypeRegistry     : Adding type registration OffsetDateTimeWithoutTimezone -> org.hibernate.type.BasicTypeReference@5e05a8c7
2023-12-28T10:44:21.826+09:00 DEBUG 14580 --- [restartedMain] org.hibernate.type.BasicTypeRegistry     : Adding type registration OffsetTime -> org.hibernate.type.BasicTypeReference@319ebd81
2023-12-28T10:44:21.826+09:00 DEBUG 14580 --- [restartedMain] org.hibernate.type.BasicTypeRegistry     : Adding type registration java.time.OffsetTime -> org.hibernate.type.BasicTypeReference@319ebd81
2023-12-28T10:44:21.826+09:00 DEBUG 14580 --- [restartedMain] org.hibernate.type.BasicTypeRegistry     : Adding type registration ZonedDateTime -> org.hibernate.type.BasicTypeReference@6a4b94c9
2023-12-28T10:44:21.826+09:00 DEBUG 14580 --- [restartedMain] org.hibernate.type.BasicTypeRegistry     : Adding type registration java.time.ZonedDateTime -> org.hibernate.type.BasicTypeReference@6a4b94c9
2023-12-28T10:44:21.826+09:00 DEBUG 14580 --- [restartedMain] org.hibernate.type.BasicTypeRegistry     : Adding type registration ZonedDateTimeWithTimezone -> org.hibernate.type.BasicTypeReference@1afdaf39
2023-12-28T10:44:21.826+09:00 DEBUG 14580 --- [restartedMain] org.hibernate.type.BasicTypeRegistry     : Adding type registration ZonedDateTimeWithoutTimezone -> org.hibernate.type.BasicTypeReference@694d7f31
2023-12-28T10:44:21.826+09:00 DEBUG 14580 --- [restartedMain] org.hibernate.type.BasicTypeRegistry     : Adding type registration date -> org.hibernate.type.BasicTypeReference@2d7ba52c
2023-12-28T10:44:21.826+09:00 DEBUG 14580 --- [restartedMain] org.hibernate.type.BasicTypeRegistry     : Adding type registration java.sql.Date -> org.hibernate.type.BasicTypeReference@2d7ba52c
2023-12-28T10:44:21.826+09:00 DEBUG 14580 --- [restartedMain] org.hibernate.type.BasicTypeRegistry     : Adding type registration time -> org.hibernate.type.BasicTypeReference@1ba08196
2023-12-28T10:44:21.826+09:00 DEBUG 14580 --- [restartedMain] org.hibernate.type.BasicTypeRegistry     : Adding type registration java.sql.Time -> org.hibernate.type.BasicTypeReference@1ba08196
2023-12-28T10:44:21.826+09:00 DEBUG 14580 --- [restartedMain] org.hibernate.type.BasicTypeRegistry     : Adding type registration timestamp -> org.hibernate.type.BasicTypeReference@6cd371bc
2023-12-28T10:44:21.826+09:00 DEBUG 14580 --- [restartedMain] org.hibernate.type.BasicTypeRegistry     : Adding type registration java.sql.Timestamp -> org.hibernate.type.BasicTypeReference@6cd371bc
2023-12-28T10:44:21.826+09:00 DEBUG 14580 --- [restartedMain] org.hibernate.type.BasicTypeRegistry     : Adding type registration java.util.Date -> org.hibernate.type.BasicTypeReference@6cd371bc
2023-12-28T10:44:21.826+09:00 DEBUG 14580 --- [restartedMain] org.hibernate.type.BasicTypeRegistry     : Adding type registration calendar -> org.hibernate.type.BasicTypeReference@6ee53fe0
2023-12-28T10:44:21.826+09:00 DEBUG 14580 --- [restartedMain] org.hibernate.type.BasicTypeRegistry     : Adding type registration java.util.Calendar -> org.hibernate.type.BasicTypeReference@6ee53fe0
2023-12-28T10:44:21.827+09:00 DEBUG 14580 --- [restartedMain] org.hibernate.type.BasicTypeRegistry     : Adding type registration java.util.GregorianCalendar -> org.hibernate.type.BasicTypeReference@6ee53fe0
2023-12-28T10:44:21.827+09:00 DEBUG 14580 --- [restartedMain] org.hibernate.type.BasicTypeRegistry     : Adding type registration calendar_date -> org.hibernate.type.BasicTypeReference@1ec7b5d5
2023-12-28T10:44:21.827+09:00 DEBUG 14580 --- [restartedMain] org.hibernate.type.BasicTypeRegistry     : Adding type registration calendar_time -> org.hibernate.type.BasicTypeReference@1f43baa
2023-12-28T10:44:21.827+09:00 DEBUG 14580 --- [restartedMain] org.hibernate.type.BasicTypeRegistry     : Adding type registration instant -> org.hibernate.type.BasicTypeReference@765df4b9
2023-12-28T10:44:21.827+09:00 DEBUG 14580 --- [restartedMain] org.hibernate.type.BasicTypeRegistry     : Adding type registration java.time.Instant -> org.hibernate.type.BasicTypeReference@765df4b9
2023-12-28T10:44:21.827+09:00 DEBUG 14580 --- [restartedMain] org.hibernate.type.BasicTypeRegistry     : Adding type registration uuid -> org.hibernate.type.BasicTypeReference@3180cfad
2023-12-28T10:44:21.827+09:00 DEBUG 14580 --- [restartedMain] org.hibernate.type.BasicTypeRegistry     : Adding type registration java.util.UUID -> org.hibernate.type.BasicTypeReference@3180cfad
2023-12-28T10:44:21.827+09:00 DEBUG 14580 --- [restartedMain] org.hibernate.type.BasicTypeRegistry     : Adding type registration pg-uuid -> org.hibernate.type.BasicTypeReference@3180cfad
2023-12-28T10:44:21.827+09:00 DEBUG 14580 --- [restartedMain] org.hibernate.type.BasicTypeRegistry     : Adding type registration uuid-binary -> org.hibernate.type.BasicTypeReference@124abd55
2023-12-28T10:44:21.827+09:00 DEBUG 14580 --- [restartedMain] org.hibernate.type.BasicTypeRegistry     : Adding type registration uuid-char -> org.hibernate.type.BasicTypeReference@32c3eddd
2023-12-28T10:44:21.827+09:00 DEBUG 14580 --- [restartedMain] org.hibernate.type.BasicTypeRegistry     : Adding type registration class -> org.hibernate.type.BasicTypeReference@2b222f00
2023-12-28T10:44:21.827+09:00 DEBUG 14580 --- [restartedMain] org.hibernate.type.BasicTypeRegistry     : Adding type registration java.lang.Class -> org.hibernate.type.BasicTypeReference@2b222f00
2023-12-28T10:44:21.827+09:00 DEBUG 14580 --- [restartedMain] org.hibernate.type.BasicTypeRegistry     : Adding type registration currency -> org.hibernate.type.BasicTypeReference@1ce8706e
2023-12-28T10:44:21.827+09:00 DEBUG 14580 --- [restartedMain] org.hibernate.type.BasicTypeRegistry     : Adding type registration Currency -> org.hibernate.type.BasicTypeReference@1ce8706e
2023-12-28T10:44:21.828+09:00 DEBUG 14580 --- [restartedMain] org.hibernate.type.BasicTypeRegistry     : Adding type registration java.util.Currency -> org.hibernate.type.BasicTypeReference@1ce8706e
2023-12-28T10:44:21.828+09:00 DEBUG 14580 --- [restartedMain] org.hibernate.type.BasicTypeRegistry     : Adding type registration locale -> org.hibernate.type.BasicTypeReference@5b8fc6b3
2023-12-28T10:44:21.828+09:00 DEBUG 14580 --- [restartedMain] org.hibernate.type.BasicTypeRegistry     : Adding type registration java.util.Locale -> org.hibernate.type.BasicTypeReference@5b8fc6b3
2023-12-28T10:44:21.828+09:00 DEBUG 14580 --- [restartedMain] org.hibernate.type.BasicTypeRegistry     : Adding type registration serializable -> org.hibernate.type.BasicTypeReference@760f751a
2023-12-28T10:44:21.828+09:00 DEBUG 14580 --- [restartedMain] org.hibernate.type.BasicTypeRegistry     : Adding type registration java.io.Serializable -> org.hibernate.type.BasicTypeReference@760f751a
2023-12-28T10:44:21.828+09:00 DEBUG 14580 --- [restartedMain] org.hibernate.type.BasicTypeRegistry     : Adding type registration timezone -> org.hibernate.type.BasicTypeReference@4c6f1ef4
2023-12-28T10:44:21.828+09:00 DEBUG 14580 --- [restartedMain] org.hibernate.type.BasicTypeRegistry     : Adding type registration java.util.TimeZone -> org.hibernate.type.BasicTypeReference@4c6f1ef4
2023-12-28T10:44:21.828+09:00 DEBUG 14580 --- [restartedMain] org.hibernate.type.BasicTypeRegistry     : Adding type registration ZoneOffset -> org.hibernate.type.BasicTypeReference@135b6c17
2023-12-28T10:44:21.828+09:00 DEBUG 14580 --- [restartedMain] org.hibernate.type.BasicTypeRegistry     : Adding type registration java.time.ZoneOffset -> org.hibernate.type.BasicTypeReference@135b6c17
2023-12-28T10:44:21.828+09:00 DEBUG 14580 --- [restartedMain] org.hibernate.type.BasicTypeRegistry     : Adding type registration url -> org.hibernate.type.BasicTypeReference@36449a91
2023-12-28T10:44:21.829+09:00 DEBUG 14580 --- [restartedMain] org.hibernate.type.BasicTypeRegistry     : Adding type registration java.net.URL -> org.hibernate.type.BasicTypeReference@36449a91
2023-12-28T10:44:21.829+09:00 DEBUG 14580 --- [restartedMain] org.hibernate.type.BasicTypeRegistry     : Adding type registration row_version -> org.hibernate.type.BasicTypeReference@3b6e9ee6
2023-12-28T10:44:21.835+09:00 DEBUG 14580 --- [restartedMain] org.hibernate.type.BasicTypeRegistry     : Adding type registration dbtimestamp -> org.hibernate.type.DbTimestampType@13ec18df
2023-12-28T10:44:21.835+09:00 DEBUG 14580 --- [restartedMain] org.hibernate.type.BasicTypeRegistry     : Adding type registration dbtimestamp -> org.hibernate.type.DbTimestampType@13ec18df
2023-12-28T10:44:21.836+09:00 DEBUG 14580 --- [restartedMain] org.hibernate.type.BasicTypeRegistry     : Adding type registration object -> org.hibernate.type.JavaObjectType@6216cb45
2023-12-28T10:44:21.836+09:00 DEBUG 14580 --- [restartedMain] org.hibernate.type.BasicTypeRegistry     : Adding type registration java.lang.Object -> org.hibernate.type.JavaObjectType@6216cb45
2023-12-28T10:44:21.837+09:00 DEBUG 14580 --- [restartedMain] org.hibernate.type.BasicTypeRegistry     : Adding type registration null -> org.hibernate.type.NullType@4e9edbe4
2023-12-28T10:44:21.837+09:00 DEBUG 14580 --- [restartedMain] org.hibernate.type.BasicTypeRegistry     : Adding type registration imm_date -> org.hibernate.type.BasicTypeReference@ce6f926
2023-12-28T10:44:21.837+09:00 DEBUG 14580 --- [restartedMain] org.hibernate.type.BasicTypeRegistry     : Adding type registration imm_time -> org.hibernate.type.BasicTypeReference@29c3c3e7
2023-12-28T10:44:21.837+09:00 DEBUG 14580 --- [restartedMain] org.hibernate.type.BasicTypeRegistry     : Adding type registration imm_timestamp -> org.hibernate.type.BasicTypeReference@6084ce4c
2023-12-28T10:44:21.837+09:00 DEBUG 14580 --- [restartedMain] org.hibernate.type.BasicTypeRegistry     : Adding type registration imm_calendar -> org.hibernate.type.BasicTypeReference@58fd6843
2023-12-28T10:44:21.837+09:00 DEBUG 14580 --- [restartedMain] org.hibernate.type.BasicTypeRegistry     : Adding type registration imm_calendar_date -> org.hibernate.type.BasicTypeReference@63e995b3
2023-12-28T10:44:21.837+09:00 DEBUG 14580 --- [restartedMain] org.hibernate.type.BasicTypeRegistry     : Adding type registration imm_calendar_time -> org.hibernate.type.BasicTypeReference@5482aed2
2023-12-28T10:44:21.837+09:00 DEBUG 14580 --- [restartedMain] org.hibernate.type.BasicTypeRegistry     : Adding type registration imm_binary -> org.hibernate.type.BasicTypeReference@12b2fca0
2023-12-28T10:44:21.837+09:00 DEBUG 14580 --- [restartedMain] org.hibernate.type.BasicTypeRegistry     : Adding type registration imm_serializable -> org.hibernate.type.BasicTypeReference@213e21c5
2023-12-28T10:44:21.866+09:00  INFO 14580 --- [restartedMain] com.zaxxer.hikari.HikariDataSource       : HikariPool-1 - Starting...
2023-12-28T10:44:22.299+09:00  INFO 14580 --- [restartedMain] com.zaxxer.hikari.pool.HikariPool        : HikariPool-1 - Added connection com.mysql.cj.jdbc.ConnectionImpl@230ede49
2023-12-28T10:44:22.300+09:00  INFO 14580 --- [restartedMain] com.zaxxer.hikari.HikariDataSource       : HikariPool-1 - Start completed.
2023-12-28T10:44:22.313+09:00  INFO 14580 --- [restartedMain] SQL dialect                              : HHH000400: Using dialect: org.hibernate.dialect.MySQL8Dialect
2023-12-28T10:44:22.314+09:00  WARN 14580 --- [restartedMain] org.hibernate.orm.deprecation            : HHH90000026: MySQL8Dialect has been deprecated; use org.hibernate.dialect.MySQLDialect instead
2023-12-28T10:44:22.336+09:00 DEBUG 14580 --- [restartedMain] o.h.t.d.sql.spi.DdlTypeRegistry          : addDescriptor(12, org.hibernate.type.descriptor.sql.internal.CapacityDependentDdlType@23d3a6c4) replaced previous registration(org.hibernate.type.descriptor.sql.internal.CapacityDependentDdlType@26f5c0bd)
2023-12-28T10:44:22.336+09:00 DEBUG 14580 --- [restartedMain] o.h.t.d.sql.spi.DdlTypeRegistry          : addDescriptor(-9, org.hibernate.type.descriptor.sql.internal.CapacityDependentDdlType@65b08797) replaced previous registration(org.hibernate.type.descriptor.sql.internal.CapacityDependentDdlType@57490c0c)
2023-12-28T10:44:22.336+09:00 DEBUG 14580 --- [restartedMain] o.h.t.d.sql.spi.DdlTypeRegistry          : addDescriptor(-3, org.hibernate.type.descriptor.sql.internal.CapacityDependentDdlType@699265a7) replaced previous registration(org.hibernate.type.descriptor.sql.internal.CapacityDependentDdlType@616ab000)
2023-12-28T10:44:22.336+09:00 DEBUG 14580 --- [restartedMain] o.h.t.d.sql.spi.DdlTypeRegistry          : addDescriptor(4003, org.hibernate.type.descriptor.sql.internal.DdlTypeImpl@870f85) replaced previous registration(org.hibernate.type.descriptor.sql.internal.DdlTypeImpl@1fb14af5)
2023-12-28T10:44:22.337+09:00 DEBUG 14580 --- [restartedMain] o.h.t.d.sql.spi.DdlTypeRegistry          : addDescriptor(4001, org.hibernate.type.descriptor.sql.internal.DdlTypeImpl@65f4abf9) replaced previous registration(org.hibernate.type.descriptor.sql.internal.DdlTypeImpl@512aedf7)
2023-12-28T10:44:22.337+09:00 DEBUG 14580 --- [restartedMain] o.h.t.d.sql.spi.DdlTypeRegistry          : addDescriptor(4002, org.hibernate.type.descriptor.sql.internal.DdlTypeImpl@69e92b70) replaced previous registration(org.hibernate.type.descriptor.sql.internal.DdlTypeImpl@7c9a325a)
2023-12-28T10:44:22.337+09:00 DEBUG 14580 --- [restartedMain] o.h.t.d.sql.spi.DdlTypeRegistry          : addDescriptor(2004, org.hibernate.type.descriptor.sql.internal.CapacityDependentDdlType@3c71f553) replaced previous registration(org.hibernate.type.descriptor.sql.internal.DdlTypeImpl@3ab2e27f)
2023-12-28T10:44:22.337+09:00 DEBUG 14580 --- [restartedMain] o.h.t.d.sql.spi.DdlTypeRegistry          : addDescriptor(2005, org.hibernate.type.descriptor.sql.internal.CapacityDependentDdlType@1aa0ecf2) replaced previous registration(org.hibernate.type.descriptor.sql.internal.DdlTypeImpl@3705051e)
2023-12-28T10:44:22.337+09:00 DEBUG 14580 --- [restartedMain] o.h.t.d.sql.spi.DdlTypeRegistry          : addDescriptor(2011, org.hibernate.type.descriptor.sql.internal.CapacityDependentDdlType@46da5c0) replaced previous registration(org.hibernate.type.descriptor.sql.internal.DdlTypeImpl@29e11e28)
2023-12-28T10:44:22.338+09:00 DEBUG 14580 --- [restartedMain] o.h.t.d.jdbc.spi.JdbcTypeRegistry        : addDescriptor(NCharTypeDescriptor) replaced previous registration(CharTypeDescriptor)
2023-12-28T10:44:22.338+09:00 DEBUG 14580 --- [restartedMain] o.h.t.d.jdbc.spi.JdbcTypeRegistry        : addDescriptor(NVarcharTypeDescriptor) replaced previous registration(VarcharTypeDescriptor)
2023-12-28T10:44:22.338+09:00 DEBUG 14580 --- [restartedMain] o.h.t.d.jdbc.spi.JdbcTypeRegistry        : addDescriptor(LongNVarcharTypeDescriptor) replaced previous registration(LongVarcharTypeDescriptor)
2023-12-28T10:44:22.343+09:00 DEBUG 14580 --- [restartedMain] o.h.t.d.jdbc.spi.JdbcTypeRegistry        : addDescriptor(NClobTypeDescriptor(DEFAULT)) replaced previous registration(ClobTypeDescriptor(DEFAULT))
2023-12-28T10:44:22.343+09:00 DEBUG 14580 --- [restartedMain] o.h.t.d.jdbc.spi.JdbcTypeRegistry        : addDescriptor(2005, ClobTypeDescriptor(STREAM_BINDING)) replaced previous registration(ClobTypeDescriptor(DEFAULT))
2023-12-28T10:44:22.345+09:00 DEBUG 14580 --- [restartedMain] org.hibernate.type.BasicTypeRegistry     : Adding type registration null -> org.hibernate.type.NullType@4380e54
2023-12-28T10:44:22.345+09:00 DEBUG 14580 --- [restartedMain] org.hibernate.type.BasicTypeRegistry     : Type registration key [null] overrode previous entry : `org.hibernate.type.NullType@4e9edbe4`
2023-12-28T10:44:22.347+09:00 DEBUG 14580 --- [restartedMain] org.hibernate.type.BasicTypeRegistry     : Adding type registration org.hibernate.type.OffsetDateTimeType -> basicType@1(java.time.OffsetDateTime,93)
2023-12-28T10:44:22.347+09:00 DEBUG 14580 --- [restartedMain] org.hibernate.type.BasicTypeRegistry     : Adding type registration OffsetDateTime -> basicType@1(java.time.OffsetDateTime,93)
2023-12-28T10:44:22.348+09:00 DEBUG 14580 --- [restartedMain] org.hibernate.type.BasicTypeRegistry     : Adding type registration java.time.OffsetDateTime -> basicType@1(java.time.OffsetDateTime,93)
2023-12-28T10:44:22.348+09:00 DEBUG 14580 --- [restartedMain] org.hibernate.type.BasicTypeRegistry     : Adding type registration org.hibernate.type.ZonedDateTimeType -> basicType@2(java.time.ZonedDateTime,93)
2023-12-28T10:44:22.348+09:00 DEBUG 14580 --- [restartedMain] org.hibernate.type.BasicTypeRegistry     : Adding type registration ZonedDateTime -> basicType@2(java.time.ZonedDateTime,93)
2023-12-28T10:44:22.348+09:00 DEBUG 14580 --- [restartedMain] org.hibernate.type.BasicTypeRegistry     : Adding type registration java.time.ZonedDateTime -> basicType@2(java.time.ZonedDateTime,93)
2023-12-28T10:44:22.348+09:00 DEBUG 14580 --- [restartedMain] o.h.type.spi.TypeConfiguration$Scope     : Scoping TypeConfiguration [org.hibernate.type.spi.TypeConfiguration@6aca80a3] to MetadataBuildingContext [org.hibernate.boot.internal.MetadataBuildingContextRootImpl@125fe8a4]
2023-12-28T10:44:22.646+09:00 DEBUG 14580 --- [restartedMain] o.h.type.spi.TypeConfiguration$Scope     : Scoping TypeConfiguration [org.hibernate.type.spi.TypeConfiguration@6aca80a3] to SessionFactoryImplementor [org.hibernate.internal.SessionFactoryImpl@4a5cdeec]
2023-12-28T10:44:23.162+09:00  INFO 14580 --- [restartedMain] o.h.e.t.j.p.i.JtaPlatformInitiator       : HHH000490: Using JtaPlatform implementation: [org.hibernate.engine.transaction.jta.platform.internal.NoJtaPlatform]
2023-12-28T10:44:23.169+09:00 TRACE 14580 --- [restartedMain] o.h.type.spi.TypeConfiguration$Scope     : Handling #sessionFactoryCreated from [org.hibernate.internal.SessionFactoryImpl@4a5cdeec] for TypeConfiguration
2023-12-28T10:44:23.171+09:00  INFO 14580 --- [restartedMain] j.LocalContainerEntityManagerFactoryBean : Initialized JPA EntityManagerFactory for persistence unit 'default'
2023-12-28T10:44:23.274+09:00 DEBUG 14580 --- [restartedMain] o.h.stat.internal.StatisticsInitiator    : Statistics initialized [enabled=false]
2023-12-28T10:44:24.408+09:00  WARN 14580 --- [restartedMain] JpaBaseConfiguration$JpaWebConfiguration : spring.jpa.open-in-view is enabled by default. Therefore, database queries may be performed during view rendering. Explicitly configure spring.jpa.open-in-view to disable this warning
2023-12-28T10:44:24.630+09:00  INFO 14580 --- [restartedMain] o.s.s.web.DefaultSecurityFilterChain     : Will secure Or [Mvc [pattern='/api/member/**']] with [org.springframework.security.web.session.DisableEncodeUrlFilter@3e18d982, org.springframework.security.web.context.request.async.WebAsyncManagerIntegrationFilter@26418f53, org.springframework.security.web.context.SecurityContextHolderFilter@6312f31b, org.springframework.security.web.header.HeaderWriterFilter@4f3d48b5, org.springframework.security.web.authentication.logout.LogoutFilter@1e25638c, org.springframework.security.web.authentication.UsernamePasswordAuthenticationFilter@62f26545, org.springframework.security.web.savedrequest.RequestCacheAwareFilter@4dc2ba59, org.springframework.security.web.servletapi.SecurityContextHolderAwareRequestFilter@5303f6da, org.springframework.security.web.authentication.AnonymousAuthenticationFilter@3768e3ef, org.springframework.security.web.access.ExceptionTranslationFilter@c7c9c3]
2023-12-28T10:44:24.633+09:00  INFO 14580 --- [restartedMain] o.s.s.web.DefaultSecurityFilterChain     : Will secure Or [Mvc [pattern='/api/estate/**']] with [org.springframework.security.web.session.DisableEncodeUrlFilter@3459e4be, org.springframework.security.web.context.request.async.WebAsyncManagerIntegrationFilter@618079e7, org.springframework.security.web.context.SecurityContextHolderFilter@6e29bd5, org.springframework.security.web.header.HeaderWriterFilter@1525688e, org.springframework.security.web.authentication.logout.LogoutFilter@76582c3d, org.springframework.security.web.authentication.UsernamePasswordAuthenticationFilter@240cd854, org.springframework.security.web.savedrequest.RequestCacheAwareFilter@72640c5e, org.springframework.security.web.servletapi.SecurityContextHolderAwareRequestFilter@5aa94d96, org.springframework.security.web.authentication.AnonymousAuthenticationFilter@560e882e, org.springframework.security.web.access.ExceptionTranslationFilter@2ab05aae]
2023-12-28T10:44:24.640+09:00  INFO 14580 --- [restartedMain] o.s.s.web.DefaultSecurityFilterChain     : Will secure any request with [org.springframework.security.web.session.DisableEncodeUrlFilter@283fb152, org.springframework.security.web.context.request.async.WebAsyncManagerIntegrationFilter@47da5544, org.springframework.security.web.context.SecurityContextHolderFilter@1744662f, org.springframework.security.web.header.HeaderWriterFilter@15da0beb, org.springframework.security.web.authentication.logout.LogoutFilter@5b9e0d7c, org.springframework.security.web.savedrequest.RequestCacheAwareFilter@109dd036, org.springframework.security.web.servletapi.SecurityContextHolderAwareRequestFilter@17dc68c2, org.springframework.security.web.authentication.AnonymousAuthenticationFilter@621a8595, org.springframework.security.web.access.ExceptionTranslationFilter@1662348b, org.springframework.security.web.access.intercept.AuthorizationFilter@5ecb8bfd]
2023-12-28T10:44:24.836+09:00  INFO 14580 --- [restartedMain] o.s.b.d.a.OptionalLiveReloadServer       : LiveReload server is running on port 35729
2023-12-28T10:44:24.875+09:00  INFO 14580 --- [restartedMain] o.s.b.w.embedded.tomcat.TomcatWebServer  : Tomcat started on port(s): 80 (http) with context path ''
2023-12-28T10:44:24.883+09:00  INFO 14580 --- [restartedMain] com.kdt.DaebangApplication               : Started DaebangApplication in 5.149 seconds (process running for 5.934)
2023-12-28T10:49:00.464+09:00  INFO 14580 --- [http-nio-80-exec-2] o.a.c.c.C.[Tomcat].[localhost].[/]       : Initializing Spring DispatcherServlet 'dispatcherServlet'
2023-12-28T10:49:00.464+09:00  INFO 14580 --- [http-nio-80-exec-2] o.s.web.servlet.DispatcherServlet        : Initializing Servlet 'dispatcherServlet'
2023-12-28T10:49:00.465+09:00  INFO 14580 --- [http-nio-80-exec-2] o.s.web.servlet.DispatcherServlet        : Completed initialization in 1 ms
2023-12-28T10:49:00.476+09:00  WARN 14580 --- [http-nio-80-exec-2] o.s.w.s.h.HandlerMappingIntrospector     : Cache miss for REQUEST dispatch to '/api/map/getImageAll/9,56,65,57,63,74,75,67,15,62' (previous null). Performing MatchableHandlerMapping lookup. This is logged once only at WARN level, and every time at TRACE.
2023-12-28T10:49:00.531+09:00  WARN 14580 --- [http-nio-80-exec-1] com.zaxxer.hikari.pool.PoolBase          : HikariPool-1 - Failed to validate connection com.mysql.cj.jdbc.ConnectionImpl@230ede49 (No operations allowed after connection closed.). Possibly consider using a shorter maxLifetime value.
2023-12-28T10:49:00.533+09:00  WARN 14580 --- [http-nio-80-exec-1] com.zaxxer.hikari.pool.PoolBase          : HikariPool-1 - Failed to validate connection com.mysql.cj.jdbc.ConnectionImpl@1148146e (No operations allowed after connection closed.). Possibly consider using a shorter maxLifetime value.
2023-12-28T10:49:00.536+09:00  WARN 14580 --- [http-nio-80-exec-1] com.zaxxer.hikari.pool.PoolBase          : HikariPool-1 - Failed to validate connection com.mysql.cj.jdbc.ConnectionImpl@6940da6b (No operations allowed after connection closed.). Possibly consider using a shorter maxLifetime value.
2023-12-28T10:49:00.537+09:00  WARN 14580 --- [http-nio-80-exec-1] com.zaxxer.hikari.pool.PoolBase          : HikariPool-1 - Failed to validate connection com.mysql.cj.jdbc.ConnectionImpl@6e1d9fc3 (No operations allowed after connection closed.). Possibly consider using a shorter maxLifetime value.
2023-12-28T10:49:00.539+09:00  WARN 14580 --- [http-nio-80-exec-1] com.zaxxer.hikari.pool.PoolBase          : HikariPool-1 - Failed to validate connection com.mysql.cj.jdbc.ConnectionImpl@1dcef660 (No operations allowed after connection closed.). Possibly consider using a shorter maxLifetime value.
2023-12-28T10:49:00.541+09:00  WARN 14580 --- [http-nio-80-exec-1] com.zaxxer.hikari.pool.PoolBase          : HikariPool-1 - Failed to validate connection com.mysql.cj.jdbc.ConnectionImpl@4cf46ad3 (No operations allowed after connection closed.). Possibly consider using a shorter maxLifetime value.
2023-12-28T10:49:00.544+09:00  WARN 14580 --- [http-nio-80-exec-1] com.zaxxer.hikari.pool.PoolBase          : HikariPool-1 - Failed to validate connection com.mysql.cj.jdbc.ConnectionImpl@230872a4 (No operations allowed after connection closed.). Possibly consider using a shorter maxLifetime value.
2023-12-28T10:49:00.545+09:00  WARN 14580 --- [http-nio-80-exec-1] com.zaxxer.hikari.pool.PoolBase          : HikariPool-1 - Failed to validate connection com.mysql.cj.jdbc.ConnectionImpl@21e91281 (No operations allowed after connection closed.). Possibly consider using a shorter maxLifetime value.
2023-12-28T10:49:00.546+09:00  WARN 14580 --- [http-nio-80-exec-1] com.zaxxer.hikari.pool.PoolBase          : HikariPool-1 - Failed to validate connection com.mysql.cj.jdbc.ConnectionImpl@4b7e9d2a (No operations allowed after connection closed.). Possibly consider using a shorter maxLifetime value.
2023-12-28T10:49:00.548+09:00  WARN 14580 --- [http-nio-80-exec-1] com.zaxxer.hikari.pool.PoolBase          : HikariPool-1 - Failed to validate connection com.mysql.cj.jdbc.ConnectionImpl@2433d464 (No operations allowed after connection closed.). Possibly consider using a shorter maxLifetime value.
2023-12-28T10:49:00.920+09:00 TRACE 14580 --- [http-nio-80-exec-1] org.hibernate.orm.jdbc.bind              : binding parameter [1] as [BIGINT] - [9]
2023-12-28T10:49:01.046+09:00 TRACE 14580 --- [http-nio-80-exec-1] org.hibernate.orm.jdbc.bind              : binding parameter [1] as [BIGINT] - [56]
2023-12-28T10:49:01.054+09:00 TRACE 14580 --- [http-nio-80-exec-2] org.hibernate.orm.jdbc.bind              : binding parameter [1] as [BIGINT] - [9]
2023-12-28T10:49:01.070+09:00 TRACE 14580 --- [http-nio-80-exec-2] org.hibernate.orm.jdbc.bind              : binding parameter [1] as [BIGINT] - [56]
2023-12-28T10:49:01.084+09:00 TRACE 14580 --- [http-nio-80-exec-2] org.hibernate.orm.jdbc.bind              : binding parameter [1] as [BIGINT] - [65]
2023-12-28T10:49:01.102+09:00 TRACE 14580 --- [http-nio-80-exec-2] org.hibernate.orm.jdbc.bind              : binding parameter [1] as [BIGINT] - [57]
2023-12-28T10:49:01.118+09:00 TRACE 14580 --- [http-nio-80-exec-2] org.hibernate.orm.jdbc.bind              : binding parameter [1] as [BIGINT] - [63]
2023-12-28T10:49:01.131+09:00 TRACE 14580 --- [http-nio-80-exec-2] org.hibernate.orm.jdbc.bind              : binding parameter [1] as [BIGINT] - [74]
2023-12-28T10:49:01.142+09:00 TRACE 14580 --- [http-nio-80-exec-1] org.hibernate.orm.jdbc.bind              : binding parameter [1] as [BIGINT] - [65]
2023-12-28T10:49:01.144+09:00 TRACE 14580 --- [http-nio-80-exec-2] org.hibernate.orm.jdbc.bind              : binding parameter [1] as [BIGINT] - [75]
2023-12-28T10:49:01.158+09:00 TRACE 14580 --- [http-nio-80-exec-2] org.hibernate.orm.jdbc.bind              : binding parameter [1] as [BIGINT] - [67]
2023-12-28T10:49:01.173+09:00 TRACE 14580 --- [http-nio-80-exec-2] org.hibernate.orm.jdbc.bind              : binding parameter [1] as [BIGINT] - [15]
2023-12-28T10:49:01.187+09:00 TRACE 14580 --- [http-nio-80-exec-2] org.hibernate.orm.jdbc.bind              : binding parameter [1] as [BIGINT] - [62]
2023-12-28T10:49:01.210+09:00 TRACE 14580 --- [http-nio-80-exec-4] org.hibernate.orm.jdbc.bind              : binding parameter [1] as [VARCHAR] - [b2]
2023-12-28T10:49:01.221+09:00 TRACE 14580 --- [http-nio-80-exec-4] org.hibernate.orm.jdbc.bind              : binding parameter [1] as [VARCHAR] - [h1]
2023-12-28T10:49:01.242+09:00 TRACE 14580 --- [http-nio-80-exec-4] org.hibernate.orm.jdbc.bind              : binding parameter [1] as [VARCHAR] - [dmschd0604@naver.com]
2023-12-28T10:49:01.249+09:00 TRACE 14580 --- [http-nio-80-exec-6] org.hibernate.orm.jdbc.bind              : binding parameter [1] as [DATE] - [2023-12-28]
2023-12-28T10:49:01.254+09:00 TRACE 14580 --- [http-nio-80-exec-4] org.hibernate.orm.jdbc.bind              : binding parameter [1] as [VARCHAR] - [r1]
2023-12-28T10:49:01.266+09:00 TRACE 14580 --- [http-nio-80-exec-4] org.hibernate.orm.jdbc.bind              : binding parameter [1] as [VARCHAR] - [s1]
2023-12-28T10:49:01.277+09:00 TRACE 14580 --- [http-nio-80-exec-4] org.hibernate.orm.jdbc.bind              : binding parameter [1] as [VARCHAR] - [t1]
2023-12-28T10:49:01.288+09:00 TRACE 14580 --- [http-nio-80-exec-4] org.hibernate.orm.jdbc.bind              : binding parameter [1] as [VARCHAR] - [b1]
2023-12-28T10:49:01.299+09:00 TRACE 14580 --- [http-nio-80-exec-4] org.hibernate.orm.jdbc.bind              : binding parameter [1] as [VARCHAR] - [asdf@naver.com]
2023-12-28T10:49:01.313+09:00 TRACE 14580 --- [http-nio-80-exec-4] org.hibernate.orm.jdbc.bind              : binding parameter [1] as [VARCHAR] - [example1234@naver.com]
2023-12-28T10:49:01.317+09:00 TRACE 14580 --- [http-nio-80-exec-5] org.hibernate.orm.jdbc.bind              : binding parameter [1] as [VARCHAR] - [양도게시판]
2023-12-28T10:49:01.317+09:00 TRACE 14580 --- [http-nio-80-exec-5] org.hibernate.orm.jdbc.bind              : binding parameter [2] as [INTEGER] - [6]
2023-12-28T10:49:01.325+09:00 TRACE 14580 --- [http-nio-80-exec-4] org.hibernate.orm.jdbc.bind              : binding parameter [1] as [VARCHAR] - [saf@naver.com]
2023-12-28T10:49:01.338+09:00 TRACE 14580 --- [http-nio-80-exec-4] org.hibernate.orm.jdbc.bind              : binding parameter [1] as [VARCHAR] - [h2]
2023-12-28T10:49:01.349+09:00 TRACE 14580 --- [http-nio-80-exec-4] org.hibernate.orm.jdbc.bind              : binding parameter [1] as [VARCHAR] - [eee@gmail.com]
2023-12-28T10:49:01.363+09:00 TRACE 14580 --- [http-nio-80-exec-4] org.hibernate.orm.jdbc.bind              : binding parameter [1] as [BIGINT] - [85]
2023-12-28T10:49:01.363+09:00 TRACE 14580 --- [http-nio-80-exec-5] org.hibernate.orm.jdbc.bind              : binding parameter [1] as [BIGINT] - [142]
2023-12-28T10:49:01.375+09:00 TRACE 14580 --- [http-nio-80-exec-3] org.hibernate.orm.jdbc.bind              : binding parameter [1] as [VARCHAR] - [자유게시판]
2023-12-28T10:49:01.375+09:00 TRACE 14580 --- [http-nio-80-exec-3] org.hibernate.orm.jdbc.bind              : binding parameter [2] as [INTEGER] - [6]
2023-12-28T10:49:01.378+09:00 TRACE 14580 --- [http-nio-80-exec-5] org.hibernate.orm.jdbc.bind              : binding parameter [1] as [BIGINT] - [142]
2023-12-28T10:49:01.378+09:00 TRACE 14580 --- [http-nio-80-exec-4] org.hibernate.orm.jdbc.bind              : binding parameter [1] as [BIGINT] - [85]
2023-12-28T10:49:01.390+09:00 TRACE 14580 --- [http-nio-80-exec-3] org.hibernate.orm.jdbc.bind              : binding parameter [1] as [BIGINT] - [141]
2023-12-28T10:49:01.390+09:00 TRACE 14580 --- [http-nio-80-exec-4] org.hibernate.orm.jdbc.bind              : binding parameter [1] as [BIGINT] - [84]
2023-12-28T10:49:01.390+09:00 TRACE 14580 --- [http-nio-80-exec-5] org.hibernate.orm.jdbc.bind              : binding parameter [1] as [BIGINT] - [137]
2023-12-28T10:49:01.402+09:00 TRACE 14580 --- [http-nio-80-exec-3] org.hibernate.orm.jdbc.bind              : binding parameter [1] as [BIGINT] - [141]
2023-12-28T10:49:01.402+09:00 TRACE 14580 --- [http-nio-80-exec-4] org.hibernate.orm.jdbc.bind              : binding parameter [1] as [BIGINT] - [84]
2023-12-28T10:49:01.403+09:00 TRACE 14580 --- [http-nio-80-exec-5] org.hibernate.orm.jdbc.bind              : binding parameter [1] as [BIGINT] - [137]
2023-12-28T10:49:01.415+09:00 TRACE 14580 --- [http-nio-80-exec-3] org.hibernate.orm.jdbc.bind              : binding parameter [1] as [BIGINT] - [140]
2023-12-28T10:49:01.415+09:00 TRACE 14580 --- [http-nio-80-exec-4] org.hibernate.orm.jdbc.bind              : binding parameter [1] as [BIGINT] - [83]
2023-12-28T10:49:01.415+09:00 TRACE 14580 --- [http-nio-80-exec-5] org.hibernate.orm.jdbc.bind              : binding parameter [1] as [BIGINT] - [134]
2023-12-28T10:49:01.428+09:00 TRACE 14580 --- [http-nio-80-exec-4] org.hibernate.orm.jdbc.bind              : binding parameter [1] as [BIGINT] - [83]
2023-12-28T10:49:01.428+09:00 TRACE 14580 --- [http-nio-80-exec-3] org.hibernate.orm.jdbc.bind              : binding parameter [1] as [BIGINT] - [140]
2023-12-28T10:49:01.428+09:00 TRACE 14580 --- [http-nio-80-exec-5] org.hibernate.orm.jdbc.bind              : binding parameter [1] as [BIGINT] - [134]
2023-12-28T10:49:01.439+09:00 TRACE 14580 --- [http-nio-80-exec-3] org.hibernate.orm.jdbc.bind              : binding parameter [1] as [BIGINT] - [139]
2023-12-28T10:49:01.439+09:00 TRACE 14580 --- [http-nio-80-exec-4] org.hibernate.orm.jdbc.bind              : binding parameter [1] as [BIGINT] - [81]
2023-12-28T10:49:01.441+09:00 TRACE 14580 --- [http-nio-80-exec-5] org.hibernate.orm.jdbc.bind              : binding parameter [1] as [BIGINT] - [130]
2023-12-28T10:49:01.446+09:00 TRACE 14580 --- [http-nio-80-exec-1] org.hibernate.orm.jdbc.bind              : binding parameter [1] as [BIGINT] - [57]
2023-12-28T10:49:01.450+09:00 TRACE 14580 --- [http-nio-80-exec-4] org.hibernate.orm.jdbc.bind              : binding parameter [1] as [BIGINT] - [81]
2023-12-28T10:49:01.450+09:00 TRACE 14580 --- [http-nio-80-exec-3] org.hibernate.orm.jdbc.bind              : binding parameter [1] as [BIGINT] - [139]
2023-12-28T10:49:01.453+09:00 TRACE 14580 --- [http-nio-80-exec-5] org.hibernate.orm.jdbc.bind              : binding parameter [1] as [BIGINT] - [130]
2023-12-28T10:49:01.463+09:00 TRACE 14580 --- [http-nio-80-exec-3] org.hibernate.orm.jdbc.bind              : binding parameter [1] as [BIGINT] - [136]
2023-12-28T10:49:01.465+09:00 TRACE 14580 --- [http-nio-80-exec-4] org.hibernate.orm.jdbc.bind              : binding parameter [1] as [BIGINT] - [80]
2023-12-28T10:49:01.467+09:00 TRACE 14580 --- [http-nio-80-exec-5] org.hibernate.orm.jdbc.bind              : binding parameter [1] as [BIGINT] - [129]
2023-12-28T10:49:01.474+09:00 TRACE 14580 --- [http-nio-80-exec-3] org.hibernate.orm.jdbc.bind              : binding parameter [1] as [BIGINT] - [136]
2023-12-28T10:49:01.477+09:00 TRACE 14580 --- [http-nio-80-exec-4] org.hibernate.orm.jdbc.bind              : binding parameter [1] as [BIGINT] - [80]
2023-12-28T10:49:01.481+09:00 TRACE 14580 --- [http-nio-80-exec-5] org.hibernate.orm.jdbc.bind              : binding parameter [1] as [BIGINT] - [129]
2023-12-28T10:49:01.486+09:00 TRACE 14580 --- [http-nio-80-exec-3] org.hibernate.orm.jdbc.bind              : binding parameter [1] as [BIGINT] - [135]
2023-12-28T10:49:01.488+09:00 TRACE 14580 --- [http-nio-80-exec-4] org.hibernate.orm.jdbc.bind              : binding parameter [1] as [BIGINT] - [79]
2023-12-28T10:49:01.495+09:00 TRACE 14580 --- [http-nio-80-exec-5] org.hibernate.orm.jdbc.bind              : binding parameter [1] as [BIGINT] - [128]
2023-12-28T10:49:01.498+09:00 TRACE 14580 --- [http-nio-80-exec-3] org.hibernate.orm.jdbc.bind              : binding parameter [1] as [BIGINT] - [135]
2023-12-28T10:49:01.501+09:00 TRACE 14580 --- [http-nio-80-exec-4] org.hibernate.orm.jdbc.bind              : binding parameter [1] as [BIGINT] - [79]
2023-12-28T10:49:01.508+09:00 TRACE 14580 --- [http-nio-80-exec-5] org.hibernate.orm.jdbc.bind              : binding parameter [1] as [BIGINT] - [128]
2023-12-28T10:49:01.510+09:00 TRACE 14580 --- [http-nio-80-exec-3] org.hibernate.orm.jdbc.bind              : binding parameter [1] as [BIGINT] - [133]
2023-12-28T10:49:01.522+09:00 TRACE 14580 --- [http-nio-80-exec-3] org.hibernate.orm.jdbc.bind              : binding parameter [1] as [BIGINT] - [133]
2023-12-28T10:49:01.533+09:00 TRACE 14580 --- [http-nio-80-exec-1] org.hibernate.orm.jdbc.bind              : binding parameter [1] as [BIGINT] - [63]
2023-12-28T10:49:01.553+09:00 TRACE 14580 --- [http-nio-80-exec-7] org.hibernate.orm.jdbc.bind              : binding parameter [1] as [BIGINT] - [9]
2023-12-28T10:49:01.567+09:00 TRACE 14580 --- [http-nio-80-exec-7] org.hibernate.orm.jdbc.bind              : binding parameter [1] as [BIGINT] - [56]
2023-12-28T10:49:01.582+09:00 TRACE 14580 --- [http-nio-80-exec-7] org.hibernate.orm.jdbc.bind              : binding parameter [1] as [BIGINT] - [65]
2023-12-28T10:49:01.594+09:00 TRACE 14580 --- [http-nio-80-exec-7] org.hibernate.orm.jdbc.bind              : binding parameter [1] as [BIGINT] - [57]
2023-12-28T10:49:01.607+09:00 TRACE 14580 --- [http-nio-80-exec-7] org.hibernate.orm.jdbc.bind              : binding parameter [1] as [BIGINT] - [63]
2023-12-28T10:49:01.617+09:00 TRACE 14580 --- [http-nio-80-exec-1] org.hibernate.orm.jdbc.bind              : binding parameter [1] as [BIGINT] - [74]
2023-12-28T10:49:01.622+09:00 TRACE 14580 --- [http-nio-80-exec-7] org.hibernate.orm.jdbc.bind              : binding parameter [1] as [BIGINT] - [74]
2023-12-28T10:49:01.636+09:00 TRACE 14580 --- [http-nio-80-exec-7] org.hibernate.orm.jdbc.bind              : binding parameter [1] as [BIGINT] - [75]
2023-12-28T10:49:01.652+09:00 TRACE 14580 --- [http-nio-80-exec-7] org.hibernate.orm.jdbc.bind              : binding parameter [1] as [BIGINT] - [67]
2023-12-28T10:49:01.653+09:00 TRACE 14580 --- [http-nio-80-exec-9] org.hibernate.orm.jdbc.bind              : binding parameter [1] as [DATE] - [2023-12-28]
2023-12-28T10:49:01.664+09:00 TRACE 14580 --- [http-nio-80-exec-7] org.hibernate.orm.jdbc.bind              : binding parameter [1] as [BIGINT] - [15]
2023-12-28T10:49:01.677+09:00 TRACE 14580 --- [http-nio-80-exec-7] org.hibernate.orm.jdbc.bind              : binding parameter [1] as [BIGINT] - [62]
2023-12-28T10:49:01.704+09:00 TRACE 14580 --- [http-nio-80-exec-1] org.hibernate.orm.jdbc.bind              : binding parameter [1] as [BIGINT] - [75]
2023-12-28T10:49:01.788+09:00 TRACE 14580 --- [http-nio-80-exec-1] org.hibernate.orm.jdbc.bind              : binding parameter [1] as [BIGINT] - [67]
2023-12-28T10:49:01.863+09:00 TRACE 14580 --- [http-nio-80-exec-8] org.hibernate.orm.jdbc.bind              : binding parameter [1] as [VARCHAR] - [자유게시판]
2023-12-28T10:49:01.863+09:00 TRACE 14580 --- [http-nio-80-exec-8] org.hibernate.orm.jdbc.bind              : binding parameter [2] as [INTEGER] - [6]
2023-12-28T10:49:01.863+09:00 TRACE 14580 --- [http-nio-80-exec-10] org.hibernate.orm.jdbc.bind              : binding parameter [1] as [VARCHAR] - [양도게시판]
2023-12-28T10:49:01.865+09:00 TRACE 14580 --- [http-nio-80-exec-10] org.hibernate.orm.jdbc.bind              : binding parameter [2] as [INTEGER] - [6]
2023-12-28T10:49:01.878+09:00 TRACE 14580 --- [http-nio-80-exec-8] org.hibernate.orm.jdbc.bind              : binding parameter [1] as [BIGINT] - [141]
2023-12-28T10:49:01.882+09:00 TRACE 14580 --- [http-nio-80-exec-1] org.hibernate.orm.jdbc.bind              : binding parameter [1] as [BIGINT] - [15]
2023-12-28T10:49:01.889+09:00 TRACE 14580 --- [http-nio-80-exec-10] org.hibernate.orm.jdbc.bind              : binding parameter [1] as [BIGINT] - [142]
2023-12-28T10:49:01.892+09:00 TRACE 14580 --- [http-nio-80-exec-2] org.hibernate.orm.jdbc.bind              : binding parameter [1] as [VARCHAR] - [b2]
2023-12-28T10:49:01.893+09:00 TRACE 14580 --- [http-nio-80-exec-8] org.hibernate.orm.jdbc.bind              : binding parameter [1] as [BIGINT] - [141]
2023-12-28T10:49:01.901+09:00 TRACE 14580 --- [http-nio-80-exec-10] org.hibernate.orm.jdbc.bind              : binding parameter [1] as [BIGINT] - [142]
2023-12-28T10:49:01.905+09:00 TRACE 14580 --- [http-nio-80-exec-2] org.hibernate.orm.jdbc.bind              : binding parameter [1] as [VARCHAR] - [h1]
2023-12-28T10:49:01.908+09:00 TRACE 14580 --- [http-nio-80-exec-8] org.hibernate.orm.jdbc.bind              : binding parameter [1] as [BIGINT] - [140]
2023-12-28T10:49:01.913+09:00 TRACE 14580 --- [http-nio-80-exec-10] org.hibernate.orm.jdbc.bind              : binding parameter [1] as [BIGINT] - [137]
2023-12-28T10:49:01.918+09:00 TRACE 14580 --- [http-nio-80-exec-2] org.hibernate.orm.jdbc.bind              : binding parameter [1] as [VARCHAR] - [dmschd0604@naver.com]
2023-12-28T10:49:01.921+09:00 TRACE 14580 --- [http-nio-80-exec-8] org.hibernate.orm.jdbc.bind              : binding parameter [1] as [BIGINT] - [140]
2023-12-28T10:49:01.924+09:00 TRACE 14580 --- [http-nio-80-exec-10] org.hibernate.orm.jdbc.bind              : binding parameter [1] as [BIGINT] - [137]
2023-12-28T10:49:01.936+09:00 TRACE 14580 --- [http-nio-80-exec-8] org.hibernate.orm.jdbc.bind              : binding parameter [1] as [BIGINT] - [139]
2023-12-28T10:49:01.938+09:00 TRACE 14580 --- [http-nio-80-exec-2] org.hibernate.orm.jdbc.bind              : binding parameter [1] as [VARCHAR] - [r1]
2023-12-28T10:49:01.938+09:00 TRACE 14580 --- [http-nio-80-exec-10] org.hibernate.orm.jdbc.bind              : binding parameter [1] as [BIGINT] - [134]
2023-12-28T10:49:01.951+09:00 TRACE 14580 --- [http-nio-80-exec-10] org.hibernate.orm.jdbc.bind              : binding parameter [1] as [BIGINT] - [134]
2023-12-28T10:49:01.952+09:00 TRACE 14580 --- [http-nio-80-exec-8] org.hibernate.orm.jdbc.bind              : binding parameter [1] as [BIGINT] - [139]
2023-12-28T10:49:01.952+09:00 TRACE 14580 --- [http-nio-80-exec-2] org.hibernate.orm.jdbc.bind              : binding parameter [1] as [VARCHAR] - [s1]
2023-12-28T10:49:01.963+09:00 TRACE 14580 --- [http-nio-80-exec-10] org.hibernate.orm.jdbc.bind              : binding parameter [1] as [BIGINT] - [130]
2023-12-28T10:49:01.964+09:00 TRACE 14580 --- [http-nio-80-exec-2] org.hibernate.orm.jdbc.bind              : binding parameter [1] as [VARCHAR] - [t1]
2023-12-28T10:49:01.965+09:00 TRACE 14580 --- [http-nio-80-exec-8] org.hibernate.orm.jdbc.bind              : binding parameter [1] as [BIGINT] - [136]
2023-12-28T10:49:01.974+09:00 TRACE 14580 --- [http-nio-80-exec-10] org.hibernate.orm.jdbc.bind              : binding parameter [1] as [BIGINT] - [130]
2023-12-28T10:49:01.977+09:00 TRACE 14580 --- [http-nio-80-exec-2] org.hibernate.orm.jdbc.bind              : binding parameter [1] as [VARCHAR] - [b1]
2023-12-28T10:49:01.977+09:00 TRACE 14580 --- [http-nio-80-exec-8] org.hibernate.orm.jdbc.bind              : binding parameter [1] as [BIGINT] - [136]
2023-12-28T10:49:01.978+09:00 TRACE 14580 --- [http-nio-80-exec-1] org.hibernate.orm.jdbc.bind              : binding parameter [1] as [BIGINT] - [62]
2023-12-28T10:49:01.984+09:00 TRACE 14580 --- [http-nio-80-exec-10] org.hibernate.orm.jdbc.bind              : binding parameter [1] as [BIGINT] - [129]
2023-12-28T10:49:01.988+09:00 TRACE 14580 --- [http-nio-80-exec-2] org.hibernate.orm.jdbc.bind              : binding parameter [1] as [VARCHAR] - [asdf@naver.com]
2023-12-28T10:49:01.990+09:00 TRACE 14580 --- [http-nio-80-exec-8] org.hibernate.orm.jdbc.bind              : binding parameter [1] as [BIGINT] - [135]
2023-12-28T10:49:01.995+09:00 TRACE 14580 --- [http-nio-80-exec-10] org.hibernate.orm.jdbc.bind              : binding parameter [1] as [BIGINT] - [129]
2023-12-28T10:49:02.000+09:00 TRACE 14580 --- [http-nio-80-exec-2] org.hibernate.orm.jdbc.bind              : binding parameter [1] as [VARCHAR] - [example1234@naver.com]
2023-12-28T10:49:02.002+09:00 TRACE 14580 --- [http-nio-80-exec-8] org.hibernate.orm.jdbc.bind              : binding parameter [1] as [BIGINT] - [135]
2023-12-28T10:49:02.006+09:00 TRACE 14580 --- [http-nio-80-exec-10] org.hibernate.orm.jdbc.bind              : binding parameter [1] as [BIGINT] - [128]
2023-12-28T10:49:02.012+09:00 TRACE 14580 --- [http-nio-80-exec-2] org.hibernate.orm.jdbc.bind              : binding parameter [1] as [VARCHAR] - [saf@naver.com]
2023-12-28T10:49:02.014+09:00 TRACE 14580 --- [http-nio-80-exec-8] org.hibernate.orm.jdbc.bind              : binding parameter [1] as [BIGINT] - [133]
2023-12-28T10:49:02.018+09:00 TRACE 14580 --- [http-nio-80-exec-10] org.hibernate.orm.jdbc.bind              : binding parameter [1] as [BIGINT] - [128]
2023-12-28T10:49:02.023+09:00 TRACE 14580 --- [http-nio-80-exec-2] org.hibernate.orm.jdbc.bind              : binding parameter [1] as [VARCHAR] - [h2]
2023-12-28T10:49:02.027+09:00 TRACE 14580 --- [http-nio-80-exec-8] org.hibernate.orm.jdbc.bind              : binding parameter [1] as [BIGINT] - [133]
2023-12-28T10:49:02.035+09:00 TRACE 14580 --- [http-nio-80-exec-1] org.hibernate.orm.jdbc.bind              : binding parameter [1] as [BIGINT] - [9]
2023-12-28T10:49:02.042+09:00 TRACE 14580 --- [http-nio-80-exec-2] org.hibernate.orm.jdbc.bind              : binding parameter [1] as [VARCHAR] - [eee@gmail.com]
2023-12-28T10:49:02.054+09:00 TRACE 14580 --- [http-nio-80-exec-2] org.hibernate.orm.jdbc.bind              : binding parameter [1] as [BIGINT] - [85]
2023-12-28T10:49:02.055+09:00 TRACE 14580 --- [http-nio-80-exec-1] org.hibernate.orm.jdbc.bind              : binding parameter [1] as [BIGINT] - [9]
2023-12-28T10:49:02.068+09:00 TRACE 14580 --- [http-nio-80-exec-2] org.hibernate.orm.jdbc.bind              : binding parameter [1] as [BIGINT] - [85]
2023-12-28T10:49:02.070+09:00 TRACE 14580 --- [http-nio-80-exec-1] org.hibernate.orm.jdbc.bind              : binding parameter [1] as [BIGINT] - [56]
2023-12-28T10:49:02.079+09:00 TRACE 14580 --- [http-nio-80-exec-2] org.hibernate.orm.jdbc.bind              : binding parameter [1] as [BIGINT] - [84]
2023-12-28T10:49:02.084+09:00 TRACE 14580 --- [http-nio-80-exec-1] org.hibernate.orm.jdbc.bind              : binding parameter [1] as [BIGINT] - [56]
2023-12-28T10:49:02.093+09:00 TRACE 14580 --- [http-nio-80-exec-2] org.hibernate.orm.jdbc.bind              : binding parameter [1] as [BIGINT] - [84]
2023-12-28T10:49:02.099+09:00 TRACE 14580 --- [http-nio-80-exec-1] org.hibernate.orm.jdbc.bind              : binding parameter [1] as [BIGINT] - [65]
2023-12-28T10:49:02.105+09:00 TRACE 14580 --- [http-nio-80-exec-2] org.hibernate.orm.jdbc.bind              : binding parameter [1] as [BIGINT] - [83]
2023-12-28T10:49:02.113+09:00 TRACE 14580 --- [http-nio-80-exec-1] org.hibernate.orm.jdbc.bind              : binding parameter [1] as [BIGINT] - [65]
2023-12-28T10:49:02.116+09:00 TRACE 14580 --- [http-nio-80-exec-2] org.hibernate.orm.jdbc.bind              : binding parameter [1] as [BIGINT] - [83]
2023-12-28T10:49:02.130+09:00 TRACE 14580 --- [http-nio-80-exec-1] org.hibernate.orm.jdbc.bind              : binding parameter [1] as [BIGINT] - [57]
2023-12-28T10:49:02.130+09:00 TRACE 14580 --- [http-nio-80-exec-2] org.hibernate.orm.jdbc.bind              : binding parameter [1] as [BIGINT] - [81]
2023-12-28T10:49:02.145+09:00 TRACE 14580 --- [http-nio-80-exec-2] org.hibernate.orm.jdbc.bind              : binding parameter [1] as [BIGINT] - [81]
2023-12-28T10:49:02.146+09:00 TRACE 14580 --- [http-nio-80-exec-1] org.hibernate.orm.jdbc.bind              : binding parameter [1] as [BIGINT] - [57]
2023-12-28T10:49:02.159+09:00 TRACE 14580 --- [http-nio-80-exec-2] org.hibernate.orm.jdbc.bind              : binding parameter [1] as [BIGINT] - [80]
2023-12-28T10:49:02.161+09:00 TRACE 14580 --- [http-nio-80-exec-1] org.hibernate.orm.jdbc.bind              : binding parameter [1] as [BIGINT] - [63]
2023-12-28T10:49:02.175+09:00 TRACE 14580 --- [http-nio-80-exec-2] org.hibernate.orm.jdbc.bind              : binding parameter [1] as [BIGINT] - [80]
2023-12-28T10:49:02.176+09:00 TRACE 14580 --- [http-nio-80-exec-1] org.hibernate.orm.jdbc.bind              : binding parameter [1] as [BIGINT] - [63]
2023-12-28T10:49:02.189+09:00 TRACE 14580 --- [http-nio-80-exec-2] org.hibernate.orm.jdbc.bind              : binding parameter [1] as [BIGINT] - [79]
2023-12-28T10:49:02.194+09:00 TRACE 14580 --- [http-nio-80-exec-1] org.hibernate.orm.jdbc.bind              : binding parameter [1] as [BIGINT] - [74]
2023-12-28T10:49:02.202+09:00 TRACE 14580 --- [http-nio-80-exec-2] org.hibernate.orm.jdbc.bind              : binding parameter [1] as [BIGINT] - [79]
2023-12-28T10:49:02.209+09:00 TRACE 14580 --- [http-nio-80-exec-1] org.hibernate.orm.jdbc.bind              : binding parameter [1] as [BIGINT] - [74]
2023-12-28T10:49:02.223+09:00 TRACE 14580 --- [http-nio-80-exec-1] org.hibernate.orm.jdbc.bind              : binding parameter [1] as [BIGINT] - [75]
2023-12-28T10:49:02.238+09:00 TRACE 14580 --- [http-nio-80-exec-1] org.hibernate.orm.jdbc.bind              : binding parameter [1] as [BIGINT] - [75]
2023-12-28T10:49:02.255+09:00 TRACE 14580 --- [http-nio-80-exec-1] org.hibernate.orm.jdbc.bind              : binding parameter [1] as [BIGINT] - [67]
2023-12-28T10:49:02.269+09:00 TRACE 14580 --- [http-nio-80-exec-1] org.hibernate.orm.jdbc.bind              : binding parameter [1] as [BIGINT] - [67]
2023-12-28T10:49:02.283+09:00 TRACE 14580 --- [http-nio-80-exec-1] org.hibernate.orm.jdbc.bind              : binding parameter [1] as [BIGINT] - [15]
2023-12-28T10:49:02.300+09:00 TRACE 14580 --- [http-nio-80-exec-1] org.hibernate.orm.jdbc.bind              : binding parameter [1] as [BIGINT] - [15]
2023-12-28T10:49:02.315+09:00 TRACE 14580 --- [http-nio-80-exec-1] org.hibernate.orm.jdbc.bind              : binding parameter [1] as [BIGINT] - [62]
2023-12-28T10:49:02.329+09:00 TRACE 14580 --- [http-nio-80-exec-1] org.hibernate.orm.jdbc.bind              : binding parameter [1] as [BIGINT] - [62]
2023-12-28T10:49:02.389+09:00 TRACE 14580 --- [http-nio-80-exec-6] org.hibernate.orm.jdbc.bind              : binding parameter [1] as [BIGINT] - [9]
2023-12-28T10:49:02.482+09:00 TRACE 14580 --- [http-nio-80-exec-6] org.hibernate.orm.jdbc.bind              : binding parameter [1] as [BIGINT] - [56]
2023-12-28T10:49:02.566+09:00 TRACE 14580 --- [http-nio-80-exec-6] org.hibernate.orm.jdbc.bind              : binding parameter [1] as [BIGINT] - [65]
2023-12-28T10:49:02.657+09:00 TRACE 14580 --- [http-nio-80-exec-6] org.hibernate.orm.jdbc.bind              : binding parameter [1] as [BIGINT] - [57]
2023-12-28T10:49:02.738+09:00 TRACE 14580 --- [http-nio-80-exec-6] org.hibernate.orm.jdbc.bind              : binding parameter [1] as [BIGINT] - [63]
2023-12-28T10:49:02.828+09:00 TRACE 14580 --- [http-nio-80-exec-6] org.hibernate.orm.jdbc.bind              : binding parameter [1] as [BIGINT] - [74]
2023-12-28T10:49:02.917+09:00 TRACE 14580 --- [http-nio-80-exec-6] org.hibernate.orm.jdbc.bind              : binding parameter [1] as [BIGINT] - [75]
2023-12-28T10:49:03.231+09:00 TRACE 14580 --- [http-nio-80-exec-6] org.hibernate.orm.jdbc.bind              : binding parameter [1] as [BIGINT] - [67]
2023-12-28T10:49:03.316+09:00 TRACE 14580 --- [http-nio-80-exec-6] org.hibernate.orm.jdbc.bind              : binding parameter [1] as [BIGINT] - [15]
2023-12-28T10:49:03.402+09:00 TRACE 14580 --- [http-nio-80-exec-6] org.hibernate.orm.jdbc.bind              : binding parameter [1] as [BIGINT] - [62]
2023-12-28T10:49:03.459+09:00 TRACE 14580 --- [http-nio-80-exec-6] org.hibernate.orm.jdbc.bind              : binding parameter [1] as [BIGINT] - [9]
2023-12-28T10:49:03.476+09:00 TRACE 14580 --- [http-nio-80-exec-6] org.hibernate.orm.jdbc.bind              : binding parameter [1] as [BIGINT] - [9]
2023-12-28T10:49:03.491+09:00 TRACE 14580 --- [http-nio-80-exec-6] org.hibernate.orm.jdbc.bind              : binding parameter [1] as [BIGINT] - [56]
2023-12-28T10:49:03.506+09:00 TRACE 14580 --- [http-nio-80-exec-6] org.hibernate.orm.jdbc.bind              : binding parameter [1] as [BIGINT] - [56]
2023-12-28T10:49:03.519+09:00 TRACE 14580 --- [http-nio-80-exec-6] org.hibernate.orm.jdbc.bind              : binding parameter [1] as [BIGINT] - [65]
2023-12-28T10:49:03.535+09:00 TRACE 14580 --- [http-nio-80-exec-6] org.hibernate.orm.jdbc.bind              : binding parameter [1] as [BIGINT] - [65]
2023-12-28T10:49:03.551+09:00 TRACE 14580 --- [http-nio-80-exec-6] org.hibernate.orm.jdbc.bind              : binding parameter [1] as [BIGINT] - [57]
2023-12-28T10:49:03.567+09:00 TRACE 14580 --- [http-nio-80-exec-6] org.hibernate.orm.jdbc.bind              : binding parameter [1] as [BIGINT] - [57]
2023-12-28T10:49:03.581+09:00 TRACE 14580 --- [http-nio-80-exec-6] org.hibernate.orm.jdbc.bind              : binding parameter [1] as [BIGINT] - [63]
2023-12-28T10:49:03.597+09:00 TRACE 14580 --- [http-nio-80-exec-6] org.hibernate.orm.jdbc.bind              : binding parameter [1] as [BIGINT] - [63]
2023-12-28T10:49:03.612+09:00 TRACE 14580 --- [http-nio-80-exec-6] org.hibernate.orm.jdbc.bind              : binding parameter [1] as [BIGINT] - [74]
2023-12-28T10:49:03.627+09:00 TRACE 14580 --- [http-nio-80-exec-6] org.hibernate.orm.jdbc.bind              : binding parameter [1] as [BIGINT] - [74]
2023-12-28T10:49:03.642+09:00 TRACE 14580 --- [http-nio-80-exec-6] org.hibernate.orm.jdbc.bind              : binding parameter [1] as [BIGINT] - [75]
2023-12-28T10:49:03.656+09:00 TRACE 14580 --- [http-nio-80-exec-6] org.hibernate.orm.jdbc.bind              : binding parameter [1] as [BIGINT] - [75]
2023-12-28T10:49:03.671+09:00 TRACE 14580 --- [http-nio-80-exec-6] org.hibernate.orm.jdbc.bind              : binding parameter [1] as [BIGINT] - [67]
2023-12-28T10:49:03.685+09:00 TRACE 14580 --- [http-nio-80-exec-6] org.hibernate.orm.jdbc.bind              : binding parameter [1] as [BIGINT] - [67]
2023-12-28T10:49:03.700+09:00 TRACE 14580 --- [http-nio-80-exec-6] org.hibernate.orm.jdbc.bind              : binding parameter [1] as [BIGINT] - [15]
2023-12-28T10:49:03.714+09:00 TRACE 14580 --- [http-nio-80-exec-6] org.hibernate.orm.jdbc.bind              : binding parameter [1] as [BIGINT] - [15]
2023-12-28T10:49:03.729+09:00 TRACE 14580 --- [http-nio-80-exec-6] org.hibernate.orm.jdbc.bind              : binding parameter [1] as [BIGINT] - [62]
2023-12-28T10:49:03.744+09:00 TRACE 14580 --- [http-nio-80-exec-6] org.hibernate.orm.jdbc.bind              : binding parameter [1] as [BIGINT] - [62]
2023-12-28T11:02:10.756+09:00  WARN 14580 --- [http-nio-80-exec-5] com.zaxxer.hikari.pool.PoolBase          : HikariPool-1 - Failed to validate connection com.mysql.cj.jdbc.ConnectionImpl@4eb528dd (No operations allowed after connection closed.). Possibly consider using a shorter maxLifetime value.
2023-12-28T11:02:10.760+09:00  WARN 14580 --- [http-nio-80-exec-5] com.zaxxer.hikari.pool.PoolBase          : HikariPool-1 - Failed to validate connection com.mysql.cj.jdbc.ConnectionImpl@21ef41a7 (No operations allowed after connection closed.). Possibly consider using a shorter maxLifetime value.
2023-12-28T11:02:10.761+09:00  WARN 14580 --- [http-nio-80-exec-5] com.zaxxer.hikari.pool.PoolBase          : HikariPool-1 - Failed to validate connection com.mysql.cj.jdbc.ConnectionImpl@6574bef8 (No operations allowed after connection closed.). Possibly consider using a shorter maxLifetime value.
2023-12-28T11:02:10.762+09:00  WARN 14580 --- [http-nio-80-exec-5] com.zaxxer.hikari.pool.PoolBase          : HikariPool-1 - Failed to validate connection com.mysql.cj.jdbc.ConnectionImpl@2e0914b (No operations allowed after connection closed.). Possibly consider using a shorter maxLifetime value.
2023-12-28T11:02:10.763+09:00  WARN 14580 --- [http-nio-80-exec-5] com.zaxxer.hikari.pool.PoolBase          : HikariPool-1 - Failed to validate connection com.mysql.cj.jdbc.ConnectionImpl@7d629de4 (No operations allowed after connection closed.). Possibly consider using a shorter maxLifetime value.
2023-12-28T11:02:10.763+09:00  WARN 14580 --- [http-nio-80-exec-5] com.zaxxer.hikari.pool.PoolBase          : HikariPool-1 - Failed to validate connection com.mysql.cj.jdbc.ConnectionImpl@26db1996 (No operations allowed after connection closed.). Possibly consider using a shorter maxLifetime value.
2023-12-28T11:02:10.764+09:00  WARN 14580 --- [http-nio-80-exec-5] com.zaxxer.hikari.pool.PoolBase          : HikariPool-1 - Failed to validate connection com.mysql.cj.jdbc.ConnectionImpl@6618f0cb (No operations allowed after connection closed.). Possibly consider using a shorter maxLifetime value.
2023-12-28T11:02:10.766+09:00  WARN 14580 --- [http-nio-80-exec-5] com.zaxxer.hikari.pool.PoolBase          : HikariPool-1 - Failed to validate connection com.mysql.cj.jdbc.ConnectionImpl@60f44f8a (No operations allowed after connection closed.). Possibly consider using a shorter maxLifetime value.
2023-12-28T11:02:10.767+09:00  WARN 14580 --- [http-nio-80-exec-5] com.zaxxer.hikari.pool.PoolBase          : HikariPool-1 - Failed to validate connection com.mysql.cj.jdbc.ConnectionImpl@99073cd (No operations allowed after connection closed.). Possibly consider using a shorter maxLifetime value.
2023-12-28T11:02:10.768+09:00  WARN 14580 --- [http-nio-80-exec-5] com.zaxxer.hikari.pool.PoolBase          : HikariPool-1 - Failed to validate connection com.mysql.cj.jdbc.ConnectionImpl@77f9dcc0 (No operations allowed after connection closed.). Possibly consider using a shorter maxLifetime value.
2023-12-28T11:02:10.937+09:00 TRACE 14580 --- [http-nio-80-exec-5] org.hibernate.orm.jdbc.bind              : binding parameter [1] as [DATE] - [2023-12-28]
2023-12-28T11:02:11.022+09:00 TRACE 14580 --- [http-nio-80-exec-3] org.hibernate.orm.jdbc.bind              : binding parameter [1] as [DATE] - [2023-12-28]
2023-12-28T11:02:17.018+09:00 TRACE 14580 --- [http-nio-80-exec-9] org.hibernate.orm.jdbc.bind              : binding parameter [1] as [VARCHAR] - [test]
2023-12-28T11:02:17.273+09:00  WARN 14580 --- [http-nio-80-exec-9] o.a.c.util.SessionIdGeneratorBase        : Creation of SecureRandom instance for session ID generation using [SHA1PRNG] took [127] milliseconds.
2023-12-28T11:02:17.585+09:00 TRACE 14580 --- [http-nio-80-exec-7] org.hibernate.orm.jdbc.bind              : binding parameter [1] as [VARCHAR] - [b2]
2023-12-28T11:02:17.595+09:00 TRACE 14580 --- [http-nio-80-exec-7] org.hibernate.orm.jdbc.bind              : binding parameter [1] as [VARCHAR] - [h1]
2023-12-28T11:02:17.606+09:00 TRACE 14580 --- [http-nio-80-exec-7] org.hibernate.orm.jdbc.bind              : binding parameter [1] as [VARCHAR] - [dmschd0604@naver.com]
2023-12-28T11:02:17.621+09:00 TRACE 14580 --- [http-nio-80-exec-7] org.hibernate.orm.jdbc.bind              : binding parameter [1] as [VARCHAR] - [r1]
2023-12-28T11:02:17.631+09:00 TRACE 14580 --- [http-nio-80-exec-7] org.hibernate.orm.jdbc.bind              : binding parameter [1] as [VARCHAR] - [s1]
2023-12-28T11:02:17.634+09:00 TRACE 14580 --- [http-nio-80-exec-10] org.hibernate.orm.jdbc.bind              : binding parameter [1] as [BIGINT] - [9]
2023-12-28T11:02:17.640+09:00 TRACE 14580 --- [http-nio-80-exec-7] org.hibernate.orm.jdbc.bind              : binding parameter [1] as [VARCHAR] - [t1]
2023-12-28T11:02:17.650+09:00 TRACE 14580 --- [http-nio-80-exec-7] org.hibernate.orm.jdbc.bind              : binding parameter [1] as [VARCHAR] - [b1]
2023-12-28T11:02:17.660+09:00 TRACE 14580 --- [http-nio-80-exec-7] org.hibernate.orm.jdbc.bind              : binding parameter [1] as [VARCHAR] - [asdf@naver.com]
2023-12-28T11:02:17.672+09:00 TRACE 14580 --- [http-nio-80-exec-7] org.hibernate.orm.jdbc.bind              : binding parameter [1] as [VARCHAR] - [example1234@naver.com]
2023-12-28T11:02:17.684+09:00 TRACE 14580 --- [http-nio-80-exec-7] org.hibernate.orm.jdbc.bind              : binding parameter [1] as [VARCHAR] - [saf@naver.com]
2023-12-28T11:02:17.696+09:00 TRACE 14580 --- [http-nio-80-exec-7] org.hibernate.orm.jdbc.bind              : binding parameter [1] as [VARCHAR] - [h2]
2023-12-28T11:02:17.705+09:00 TRACE 14580 --- [http-nio-80-exec-10] org.hibernate.orm.jdbc.bind              : binding parameter [1] as [BIGINT] - [56]
2023-12-28T11:02:17.705+09:00 TRACE 14580 --- [http-nio-80-exec-7] org.hibernate.orm.jdbc.bind              : binding parameter [1] as [VARCHAR] - [eee@gmail.com]
2023-12-28T11:02:17.722+09:00 TRACE 14580 --- [http-nio-80-exec-7] org.hibernate.orm.jdbc.bind              : binding parameter [1] as [BIGINT] - [85]
2023-12-28T11:02:17.733+09:00 TRACE 14580 --- [http-nio-80-exec-7] org.hibernate.orm.jdbc.bind              : binding parameter [1] as [BIGINT] - [85]
2023-12-28T11:02:17.745+09:00 TRACE 14580 --- [http-nio-80-exec-7] org.hibernate.orm.jdbc.bind              : binding parameter [1] as [BIGINT] - [84]
2023-12-28T11:02:17.755+09:00 TRACE 14580 --- [http-nio-80-exec-7] org.hibernate.orm.jdbc.bind              : binding parameter [1] as [BIGINT] - [84]
2023-12-28T11:02:17.767+09:00 TRACE 14580 --- [http-nio-80-exec-7] org.hibernate.orm.jdbc.bind              : binding parameter [1] as [BIGINT] - [83]
2023-12-28T11:02:17.776+09:00 TRACE 14580 --- [http-nio-80-exec-10] org.hibernate.orm.jdbc.bind              : binding parameter [1] as [BIGINT] - [65]
2023-12-28T11:02:17.778+09:00 TRACE 14580 --- [http-nio-80-exec-7] org.hibernate.orm.jdbc.bind              : binding parameter [1] as [BIGINT] - [83]
2023-12-28T11:02:17.788+09:00 TRACE 14580 --- [http-nio-80-exec-7] org.hibernate.orm.jdbc.bind              : binding parameter [1] as [BIGINT] - [81]
2023-12-28T11:02:17.799+09:00 TRACE 14580 --- [http-nio-80-exec-7] org.hibernate.orm.jdbc.bind              : binding parameter [1] as [BIGINT] - [81]
2023-12-28T11:02:17.811+09:00 TRACE 14580 --- [http-nio-80-exec-7] org.hibernate.orm.jdbc.bind              : binding parameter [1] as [BIGINT] - [80]
2023-12-28T11:02:17.823+09:00 TRACE 14580 --- [http-nio-80-exec-7] org.hibernate.orm.jdbc.bind              : binding parameter [1] as [BIGINT] - [80]
2023-12-28T11:02:17.834+09:00 TRACE 14580 --- [http-nio-80-exec-7] org.hibernate.orm.jdbc.bind              : binding parameter [1] as [BIGINT] - [79]
2023-12-28T11:02:17.845+09:00 TRACE 14580 --- [http-nio-80-exec-7] org.hibernate.orm.jdbc.bind              : binding parameter [1] as [BIGINT] - [79]
2023-12-28T11:02:17.846+09:00 TRACE 14580 --- [http-nio-80-exec-10] org.hibernate.orm.jdbc.bind              : binding parameter [1] as [BIGINT] - [57]
2023-12-28T11:02:17.860+09:00 TRACE 14580 --- [http-nio-80-exec-8] org.hibernate.orm.jdbc.bind              : binding parameter [1] as [BIGINT] - [9]
2023-12-28T11:02:17.870+09:00 TRACE 14580 --- [http-nio-80-exec-8] org.hibernate.orm.jdbc.bind              : binding parameter [1] as [BIGINT] - [56]
2023-12-28T11:02:17.879+09:00 TRACE 14580 --- [http-nio-80-exec-8] org.hibernate.orm.jdbc.bind              : binding parameter [1] as [BIGINT] - [65]
2023-12-28T11:02:17.879+09:00 TRACE 14580 --- [http-nio-80-exec-2] org.hibernate.orm.jdbc.bind              : binding parameter [1] as [DATE] - [2023-12-28]
2023-12-28T11:02:17.889+09:00 TRACE 14580 --- [http-nio-80-exec-8] org.hibernate.orm.jdbc.bind              : binding parameter [1] as [BIGINT] - [57]
2023-12-28T11:02:17.893+09:00 TRACE 14580 --- [http-nio-80-exec-1] org.hibernate.orm.jdbc.bind              : binding parameter [1] as [VARCHAR] - [test]
2023-12-28T11:02:17.893+09:00 TRACE 14580 --- [http-nio-80-exec-1] org.hibernate.orm.jdbc.bind              : binding parameter [2] as [VARCHAR] - [자유게시판]
2023-12-28T11:02:17.893+09:00 TRACE 14580 --- [http-nio-80-exec-4] org.hibernate.orm.jdbc.bind              : binding parameter [1] as [VARCHAR] - [test]
2023-12-28T11:02:17.893+09:00 TRACE 14580 --- [http-nio-80-exec-4] org.hibernate.orm.jdbc.bind              : binding parameter [2] as [VARCHAR] - [양도게시판]
2023-12-28T11:02:17.898+09:00 TRACE 14580 --- [http-nio-80-exec-8] org.hibernate.orm.jdbc.bind              : binding parameter [1] as [BIGINT] - [63]
2023-12-28T11:02:17.911+09:00 TRACE 14580 --- [http-nio-80-exec-8] org.hibernate.orm.jdbc.bind              : binding parameter [1] as [BIGINT] - [74]
2023-12-28T11:02:17.913+09:00 TRACE 14580 --- [http-nio-80-exec-10] org.hibernate.orm.jdbc.bind              : binding parameter [1] as [BIGINT] - [63]
2023-12-28T11:02:17.924+09:00 TRACE 14580 --- [http-nio-80-exec-8] org.hibernate.orm.jdbc.bind              : binding parameter [1] as [BIGINT] - [75]
2023-12-28T11:02:17.932+09:00 TRACE 14580 --- [http-nio-80-exec-2] org.hibernate.orm.jdbc.bind              : binding parameter [1] as [INTEGER] - [121]
2023-12-28T11:02:17.932+09:00 TRACE 14580 --- [http-nio-80-exec-2] org.hibernate.orm.jdbc.bind              : binding parameter [2] as [DATE] - [2023-12-28]
2023-12-28T11:02:17.932+09:00 TRACE 14580 --- [http-nio-80-exec-2] org.hibernate.orm.jdbc.bind              : binding parameter [3] as [BIGINT] - [32]
2023-12-28T11:02:17.934+09:00 TRACE 14580 --- [http-nio-80-exec-8] org.hibernate.orm.jdbc.bind              : binding parameter [1] as [BIGINT] - [67]
2023-12-28T11:02:17.944+09:00 TRACE 14580 --- [http-nio-80-exec-8] org.hibernate.orm.jdbc.bind              : binding parameter [1] as [BIGINT] - [15]
2023-12-28T11:02:17.953+09:00 TRACE 14580 --- [http-nio-80-exec-8] org.hibernate.orm.jdbc.bind              : binding parameter [1] as [BIGINT] - [62]
2023-12-28T11:02:17.986+09:00 TRACE 14580 --- [http-nio-80-exec-10] org.hibernate.orm.jdbc.bind              : binding parameter [1] as [BIGINT] - [74]
2023-12-28T11:02:18.055+09:00 TRACE 14580 --- [http-nio-80-exec-10] org.hibernate.orm.jdbc.bind              : binding parameter [1] as [BIGINT] - [75]
2023-12-28T11:02:18.131+09:00 TRACE 14580 --- [http-nio-80-exec-10] org.hibernate.orm.jdbc.bind              : binding parameter [1] as [BIGINT] - [67]
2023-12-28T11:02:18.191+09:00 TRACE 14580 --- [http-nio-80-exec-6] org.hibernate.orm.jdbc.bind              : binding parameter [1] as [VARCHAR] - [b2]
2023-12-28T11:02:18.210+09:00 TRACE 14580 --- [http-nio-80-exec-10] org.hibernate.orm.jdbc.bind              : binding parameter [1] as [BIGINT] - [15]
2023-12-28T11:02:18.209+09:00 TRACE 14580 --- [http-nio-80-exec-6] org.hibernate.orm.jdbc.bind              : binding parameter [1] as [VARCHAR] - [h1]
2023-12-28T11:02:18.222+09:00 TRACE 14580 --- [http-nio-80-exec-5] org.hibernate.orm.jdbc.bind              : binding parameter [1] as [VARCHAR] - [test]
2023-12-28T11:02:18.222+09:00 TRACE 14580 --- [http-nio-80-exec-6] org.hibernate.orm.jdbc.bind              : binding parameter [1] as [VARCHAR] - [dmschd0604@naver.com]
2023-12-28T11:02:18.222+09:00 TRACE 14580 --- [http-nio-80-exec-5] org.hibernate.orm.jdbc.bind              : binding parameter [2] as [VARCHAR] - [자유게시판]
2023-12-28T11:02:18.239+09:00 TRACE 14580 --- [http-nio-80-exec-6] org.hibernate.orm.jdbc.bind              : binding parameter [1] as [VARCHAR] - [r1]
2023-12-28T11:02:18.243+09:00 TRACE 14580 --- [http-nio-80-exec-3] org.hibernate.orm.jdbc.bind              : binding parameter [1] as [VARCHAR] - [test]
2023-12-28T11:02:18.243+09:00 TRACE 14580 --- [http-nio-80-exec-3] org.hibernate.orm.jdbc.bind              : binding parameter [2] as [VARCHAR] - [양도게시판]
2023-12-28T11:02:18.250+09:00 TRACE 14580 --- [http-nio-80-exec-6] org.hibernate.orm.jdbc.bind              : binding parameter [1] as [VARCHAR] - [s1]
2023-12-28T11:02:18.263+09:00 TRACE 14580 --- [http-nio-80-exec-6] org.hibernate.orm.jdbc.bind              : binding parameter [1] as [VARCHAR] - [t1]
2023-12-28T11:02:18.274+09:00 TRACE 14580 --- [http-nio-80-exec-6] org.hibernate.orm.jdbc.bind              : binding parameter [1] as [VARCHAR] - [b1]
2023-12-28T11:02:18.276+09:00 TRACE 14580 --- [http-nio-80-exec-9] org.hibernate.orm.jdbc.bind              : binding parameter [1] as [BIGINT] - [9]
2023-12-28T11:02:18.286+09:00 TRACE 14580 --- [http-nio-80-exec-6] org.hibernate.orm.jdbc.bind              : binding parameter [1] as [VARCHAR] - [asdf@naver.com]
2023-12-28T11:02:18.289+09:00 TRACE 14580 --- [http-nio-80-exec-7] org.hibernate.orm.jdbc.bind              : binding parameter [1] as [DATE] - [2023-12-28]
2023-12-28T11:02:18.290+09:00 TRACE 14580 --- [http-nio-80-exec-9] org.hibernate.orm.jdbc.bind              : binding parameter [1] as [BIGINT] - [56]
2023-12-28T11:02:18.294+09:00 TRACE 14580 --- [http-nio-80-exec-10] org.hibernate.orm.jdbc.bind              : binding parameter [1] as [BIGINT] - [62]
2023-12-28T11:02:18.298+09:00 TRACE 14580 --- [http-nio-80-exec-6] org.hibernate.orm.jdbc.bind              : binding parameter [1] as [VARCHAR] - [example1234@naver.com]
2023-12-28T11:02:18.304+09:00 TRACE 14580 --- [http-nio-80-exec-9] org.hibernate.orm.jdbc.bind              : binding parameter [1] as [BIGINT] - [65]
2023-12-28T11:02:18.309+09:00 TRACE 14580 --- [http-nio-80-exec-6] org.hibernate.orm.jdbc.bind              : binding parameter [1] as [VARCHAR] - [saf@naver.com]
2023-12-28T11:02:18.321+09:00 TRACE 14580 --- [http-nio-80-exec-9] org.hibernate.orm.jdbc.bind              : binding parameter [1] as [BIGINT] - [57]
2023-12-28T11:02:18.322+09:00 TRACE 14580 --- [http-nio-80-exec-6] org.hibernate.orm.jdbc.bind              : binding parameter [1] as [VARCHAR] - [h2]
2023-12-28T11:02:18.332+09:00 TRACE 14580 --- [http-nio-80-exec-7] org.hibernate.orm.jdbc.bind              : binding parameter [1] as [INTEGER] - [122]
2023-12-28T11:02:18.333+09:00 TRACE 14580 --- [http-nio-80-exec-7] org.hibernate.orm.jdbc.bind              : binding parameter [2] as [DATE] - [2023-12-28]
2023-12-28T11:02:18.333+09:00 TRACE 14580 --- [http-nio-80-exec-7] org.hibernate.orm.jdbc.bind              : binding parameter [3] as [BIGINT] - [32]
2023-12-28T11:02:18.336+09:00 TRACE 14580 --- [http-nio-80-exec-6] org.hibernate.orm.jdbc.bind              : binding parameter [1] as [VARCHAR] - [eee@gmail.com]
2023-12-28T11:02:18.338+09:00 TRACE 14580 --- [http-nio-80-exec-9] org.hibernate.orm.jdbc.bind              : binding parameter [1] as [BIGINT] - [63]
2023-12-28T11:02:18.347+09:00 TRACE 14580 --- [http-nio-80-exec-6] org.hibernate.orm.jdbc.bind              : binding parameter [1] as [BIGINT] - [85]
2023-12-28T11:02:18.351+09:00 TRACE 14580 --- [http-nio-80-exec-10] org.hibernate.orm.jdbc.bind              : binding parameter [1] as [BIGINT] - [9]
2023-12-28T11:02:18.354+09:00 TRACE 14580 --- [http-nio-80-exec-9] org.hibernate.orm.jdbc.bind              : binding parameter [1] as [BIGINT] - [74]
2023-12-28T11:02:18.358+09:00 TRACE 14580 --- [http-nio-80-exec-6] org.hibernate.orm.jdbc.bind              : binding parameter [1] as [BIGINT] - [85]
2023-12-28T11:02:18.363+09:00 TRACE 14580 --- [http-nio-80-exec-10] org.hibernate.orm.jdbc.bind              : binding parameter [1] as [BIGINT] - [9]
2023-12-28T11:02:18.368+09:00 TRACE 14580 --- [http-nio-80-exec-9] org.hibernate.orm.jdbc.bind              : binding parameter [1] as [BIGINT] - [75]
2023-12-28T11:02:18.368+09:00 TRACE 14580 --- [http-nio-80-exec-6] org.hibernate.orm.jdbc.bind              : binding parameter [1] as [BIGINT] - [84]
2023-12-28T11:02:18.376+09:00 TRACE 14580 --- [http-nio-80-exec-10] org.hibernate.orm.jdbc.bind              : binding parameter [1] as [BIGINT] - [56]
2023-12-28T11:02:18.379+09:00 TRACE 14580 --- [http-nio-80-exec-6] org.hibernate.orm.jdbc.bind              : binding parameter [1] as [BIGINT] - [84]
2023-12-28T11:02:18.383+09:00 TRACE 14580 --- [http-nio-80-exec-9] org.hibernate.orm.jdbc.bind              : binding parameter [1] as [BIGINT] - [67]
2023-12-28T11:02:18.388+09:00 TRACE 14580 --- [http-nio-80-exec-10] org.hibernate.orm.jdbc.bind              : binding parameter [1] as [BIGINT] - [56]
2023-12-28T11:02:18.391+09:00 TRACE 14580 --- [http-nio-80-exec-6] org.hibernate.orm.jdbc.bind              : binding parameter [1] as [BIGINT] - [83]
2023-12-28T11:02:18.401+09:00 TRACE 14580 --- [http-nio-80-exec-9] org.hibernate.orm.jdbc.bind              : binding parameter [1] as [BIGINT] - [15]
2023-12-28T11:02:18.402+09:00 TRACE 14580 --- [http-nio-80-exec-6] org.hibernate.orm.jdbc.bind              : binding parameter [1] as [BIGINT] - [83]
2023-12-28T11:02:18.402+09:00 TRACE 14580 --- [http-nio-80-exec-10] org.hibernate.orm.jdbc.bind              : binding parameter [1] as [BIGINT] - [65]
2023-12-28T11:02:18.412+09:00 TRACE 14580 --- [http-nio-80-exec-6] org.hibernate.orm.jdbc.bind              : binding parameter [1] as [BIGINT] - [81]
2023-12-28T11:02:18.414+09:00 TRACE 14580 --- [http-nio-80-exec-10] org.hibernate.orm.jdbc.bind              : binding parameter [1] as [BIGINT] - [65]
2023-12-28T11:02:18.419+09:00 TRACE 14580 --- [http-nio-80-exec-9] org.hibernate.orm.jdbc.bind              : binding parameter [1] as [BIGINT] - [62]
2023-12-28T11:02:18.423+09:00 TRACE 14580 --- [http-nio-80-exec-6] org.hibernate.orm.jdbc.bind              : binding parameter [1] as [BIGINT] - [81]
2023-12-28T11:02:18.427+09:00 TRACE 14580 --- [http-nio-80-exec-10] org.hibernate.orm.jdbc.bind              : binding parameter [1] as [BIGINT] - [57]
2023-12-28T11:02:18.436+09:00 TRACE 14580 --- [http-nio-80-exec-6] org.hibernate.orm.jdbc.bind              : binding parameter [1] as [BIGINT] - [80]
2023-12-28T11:02:18.443+09:00 TRACE 14580 --- [http-nio-80-exec-10] org.hibernate.orm.jdbc.bind              : binding parameter [1] as [BIGINT] - [57]
2023-12-28T11:02:18.447+09:00 TRACE 14580 --- [http-nio-80-exec-6] org.hibernate.orm.jdbc.bind              : binding parameter [1] as [BIGINT] - [80]
2023-12-28T11:02:18.456+09:00 TRACE 14580 --- [http-nio-80-exec-10] org.hibernate.orm.jdbc.bind              : binding parameter [1] as [BIGINT] - [63]
2023-12-28T11:02:18.457+09:00 TRACE 14580 --- [http-nio-80-exec-6] org.hibernate.orm.jdbc.bind              : binding parameter [1] as [BIGINT] - [79]
2023-12-28T11:02:18.468+09:00 TRACE 14580 --- [http-nio-80-exec-10] org.hibernate.orm.jdbc.bind              : binding parameter [1] as [BIGINT] - [63]
2023-12-28T11:02:18.469+09:00 TRACE 14580 --- [http-nio-80-exec-6] org.hibernate.orm.jdbc.bind              : binding parameter [1] as [BIGINT] - [79]
2023-12-28T11:02:18.482+09:00 TRACE 14580 --- [http-nio-80-exec-10] org.hibernate.orm.jdbc.bind              : binding parameter [1] as [BIGINT] - [74]
2023-12-28T11:02:18.496+09:00 TRACE 14580 --- [http-nio-80-exec-10] org.hibernate.orm.jdbc.bind              : binding parameter [1] as [BIGINT] - [74]
2023-12-28T11:02:18.507+09:00 TRACE 14580 --- [http-nio-80-exec-10] org.hibernate.orm.jdbc.bind              : binding parameter [1] as [BIGINT] - [75]
2023-12-28T11:02:18.518+09:00 TRACE 14580 --- [http-nio-80-exec-10] org.hibernate.orm.jdbc.bind              : binding parameter [1] as [BIGINT] - [75]
2023-12-28T11:02:18.537+09:00 TRACE 14580 --- [http-nio-80-exec-10] org.hibernate.orm.jdbc.bind              : binding parameter [1] as [BIGINT] - [67]
2023-12-28T11:02:18.550+09:00 TRACE 14580 --- [http-nio-80-exec-10] org.hibernate.orm.jdbc.bind              : binding parameter [1] as [BIGINT] - [67]
2023-12-28T11:02:18.560+09:00 TRACE 14580 --- [http-nio-80-exec-10] org.hibernate.orm.jdbc.bind              : binding parameter [1] as [BIGINT] - [15]
2023-12-28T11:02:18.572+09:00 TRACE 14580 --- [http-nio-80-exec-10] org.hibernate.orm.jdbc.bind              : binding parameter [1] as [BIGINT] - [15]
2023-12-28T11:02:18.584+09:00 TRACE 14580 --- [http-nio-80-exec-10] org.hibernate.orm.jdbc.bind              : binding parameter [1] as [BIGINT] - [62]
2023-12-28T11:02:18.596+09:00 TRACE 14580 --- [http-nio-80-exec-10] org.hibernate.orm.jdbc.bind              : binding parameter [1] as [BIGINT] - [62]
2023-12-28T11:02:18.644+09:00 TRACE 14580 --- [http-nio-80-exec-1] org.hibernate.orm.jdbc.bind              : binding parameter [1] as [BIGINT] - [9]
2023-12-28T11:02:18.720+09:00 TRACE 14580 --- [http-nio-80-exec-1] org.hibernate.orm.jdbc.bind              : binding parameter [1] as [BIGINT] - [56]
2023-12-28T11:02:18.801+09:00 TRACE 14580 --- [http-nio-80-exec-1] org.hibernate.orm.jdbc.bind              : binding parameter [1] as [BIGINT] - [65]
2023-12-28T11:02:18.890+09:00 TRACE 14580 --- [http-nio-80-exec-1] org.hibernate.orm.jdbc.bind              : binding parameter [1] as [BIGINT] - [57]
2023-12-28T11:02:18.984+09:00 TRACE 14580 --- [http-nio-80-exec-1] org.hibernate.orm.jdbc.bind              : binding parameter [1] as [BIGINT] - [63]
2023-12-28T11:02:19.072+09:00 TRACE 14580 --- [http-nio-80-exec-1] org.hibernate.orm.jdbc.bind              : binding parameter [1] as [BIGINT] - [74]
2023-12-28T11:02:19.367+09:00 TRACE 14580 --- [http-nio-80-exec-1] org.hibernate.orm.jdbc.bind              : binding parameter [1] as [BIGINT] - [75]
2023-12-28T11:02:19.445+09:00 TRACE 14580 --- [http-nio-80-exec-1] org.hibernate.orm.jdbc.bind              : binding parameter [1] as [BIGINT] - [67]
2023-12-28T11:02:19.524+09:00 TRACE 14580 --- [http-nio-80-exec-1] org.hibernate.orm.jdbc.bind              : binding parameter [1] as [BIGINT] - [15]
2023-12-28T11:02:19.604+09:00 TRACE 14580 --- [http-nio-80-exec-1] org.hibernate.orm.jdbc.bind              : binding parameter [1] as [BIGINT] - [62]
2023-12-28T11:02:19.656+09:00 TRACE 14580 --- [http-nio-80-exec-1] org.hibernate.orm.jdbc.bind              : binding parameter [1] as [BIGINT] - [9]
2023-12-28T11:02:19.674+09:00 TRACE 14580 --- [http-nio-80-exec-1] org.hibernate.orm.jdbc.bind              : binding parameter [1] as [BIGINT] - [9]
2023-12-28T11:02:19.687+09:00 TRACE 14580 --- [http-nio-80-exec-1] org.hibernate.orm.jdbc.bind              : binding parameter [1] as [BIGINT] - [56]
2023-12-28T11:02:19.701+09:00 TRACE 14580 --- [http-nio-80-exec-1] org.hibernate.orm.jdbc.bind              : binding parameter [1] as [BIGINT] - [56]
2023-12-28T11:02:19.716+09:00 TRACE 14580 --- [http-nio-80-exec-1] org.hibernate.orm.jdbc.bind              : binding parameter [1] as [BIGINT] - [65]
2023-12-28T11:02:19.729+09:00 TRACE 14580 --- [http-nio-80-exec-1] org.hibernate.orm.jdbc.bind              : binding parameter [1] as [BIGINT] - [65]
2023-12-28T11:02:19.744+09:00 TRACE 14580 --- [http-nio-80-exec-1] org.hibernate.orm.jdbc.bind              : binding parameter [1] as [BIGINT] - [57]
2023-12-28T11:02:19.757+09:00 TRACE 14580 --- [http-nio-80-exec-1] org.hibernate.orm.jdbc.bind              : binding parameter [1] as [BIGINT] - [57]
2023-12-28T11:02:19.777+09:00 TRACE 14580 --- [http-nio-80-exec-1] org.hibernate.orm.jdbc.bind              : binding parameter [1] as [BIGINT] - [63]
2023-12-28T11:02:19.791+09:00 TRACE 14580 --- [http-nio-80-exec-1] org.hibernate.orm.jdbc.bind              : binding parameter [1] as [BIGINT] - [63]
2023-12-28T11:02:19.805+09:00 TRACE 14580 --- [http-nio-80-exec-1] org.hibernate.orm.jdbc.bind              : binding parameter [1] as [BIGINT] - [74]
2023-12-28T11:02:19.818+09:00 TRACE 14580 --- [http-nio-80-exec-1] org.hibernate.orm.jdbc.bind              : binding parameter [1] as [BIGINT] - [74]
2023-12-28T11:02:19.831+09:00 TRACE 14580 --- [http-nio-80-exec-1] org.hibernate.orm.jdbc.bind              : binding parameter [1] as [BIGINT] - [75]
2023-12-28T11:02:19.846+09:00 TRACE 14580 --- [http-nio-80-exec-1] org.hibernate.orm.jdbc.bind              : binding parameter [1] as [BIGINT] - [75]
2023-12-28T11:02:19.860+09:00 TRACE 14580 --- [http-nio-80-exec-1] org.hibernate.orm.jdbc.bind              : binding parameter [1] as [BIGINT] - [67]
2023-12-28T11:02:19.874+09:00 TRACE 14580 --- [http-nio-80-exec-1] org.hibernate.orm.jdbc.bind              : binding parameter [1] as [BIGINT] - [67]
2023-12-28T11:02:19.887+09:00 TRACE 14580 --- [http-nio-80-exec-1] org.hibernate.orm.jdbc.bind              : binding parameter [1] as [BIGINT] - [15]
2023-12-28T11:02:19.901+09:00 TRACE 14580 --- [http-nio-80-exec-1] org.hibernate.orm.jdbc.bind              : binding parameter [1] as [BIGINT] - [15]
2023-12-28T11:02:19.914+09:00 TRACE 14580 --- [http-nio-80-exec-1] org.hibernate.orm.jdbc.bind              : binding parameter [1] as [BIGINT] - [62]
2023-12-28T11:02:19.929+09:00 TRACE 14580 --- [http-nio-80-exec-1] org.hibernate.orm.jdbc.bind              : binding parameter [1] as [BIGINT] - [62]
2023-12-28T11:11:25.289+09:00  INFO 14580 --- [File Watcher] rtingClassPathChangeChangedEventListener : Restarting due to 1 class path change (0 additions, 0 deletions, 1 modification)
2023-12-28T11:11:25.318+09:00  INFO 14580 --- [Thread-5] o.apache.catalina.core.StandardService   : Stopping service [Tomcat]
2023-12-28T11:11:25.319+09:00  INFO 14580 --- [Thread-5] o.a.c.c.C.[Tomcat].[localhost].[/]       : Destroying Spring FrameworkServlet 'dispatcherServlet'
2023-12-28T11:11:25.340+09:00  INFO 14580 --- [Thread-5] j.LocalContainerEntityManagerFactoryBean : Closing JPA EntityManagerFactory for persistence unit 'default'
2023-12-28T11:11:25.341+09:00 TRACE 14580 --- [Thread-5] o.h.type.spi.TypeConfiguration$Scope     : Handling #sessionFactoryClosed from [org.hibernate.internal.SessionFactoryImpl@4a5cdeec] for TypeConfiguration
2023-12-28T11:11:25.341+09:00 DEBUG 14580 --- [Thread-5] o.h.type.spi.TypeConfiguration$Scope     : Un-scoping TypeConfiguration [org.hibernate.type.spi.TypeConfiguration$Scope@4c795cb2] from SessionFactory [org.hibernate.internal.SessionFactoryImpl@4a5cdeec]
2023-12-28T11:11:25.344+09:00  INFO 14580 --- [Thread-5] com.zaxxer.hikari.HikariDataSource       : HikariPool-1 - Shutdown initiated...
2023-12-28T11:11:25.350+09:00  INFO 14580 --- [Thread-5] com.zaxxer.hikari.HikariDataSource       : HikariPool-1 - Shutdown completed.
